2025-01-07 17:32:37,029:INFO:====== WebDriver manager ======
2025-01-07 17:32:37,236:INFO:Get LATEST chromedriver version for google-chrome
2025-01-07 17:32:37,333:INFO:Get LATEST chromedriver version for google-chrome
2025-01-07 17:32:37,400:INFO:Driver [/Users/jero/.wdm/drivers/chromedriver/mac64/131.0.6778.264/chromedriver-mac-arm64/chromedriver] found in cache
2025-01-07 17:32:38,851:INFO:WebDriver initialized and navigating to the job listings page.
2025-01-07 17:32:40,688:INFO:Loading all jobs...
2025-01-07 17:32:40,688:INFO:Attempting to click 'Load More' button...
2025-01-07 17:32:50,987:INFO:No more 'Load More' button found. All jobs loaded.
2025-01-07 17:32:50,988:INFO:Collecting job links...
2025-01-07 17:32:51,004:INFO:Found 9 job cards.
2025-01-07 17:32:51,025:INFO:Collected job link 1: https://ytjobs.co/job/20596
2025-01-07 17:32:51,035:INFO:Collected job link 2: https://ytjobs.co/job/20475
2025-01-07 17:32:51,041:INFO:Collected job link 3: https://ytjobs.co/job/20528
2025-01-07 17:32:51,049:INFO:Collected job link 4: https://ytjobs.co/job/20648
2025-01-07 17:32:51,054:INFO:Collected job link 5: https://ytjobs.co/job/20716
2025-01-07 17:32:51,061:INFO:Collected job link 6: https://ytjobs.co/job/20630
2025-01-07 17:32:51,067:INFO:Collected job link 7: https://ytjobs.co/job/20790
2025-01-07 17:32:51,073:INFO:Collected job link 8: https://ytjobs.co/job/20550
2025-01-07 17:32:51,078:INFO:Collected job link 9: https://ytjobs.co/job/20782
2025-01-07 17:32:52,664:INFO:Navigated to job detail page: https://ytjobs.co/job/20596
2025-01-07 17:32:52,677:INFO:Job title found for: https://ytjobs.co/job/20596
2025-01-07 17:32:53,709:INFO:Extracted raw date for job 'Short/Long Form Video Editor (s) | Vincent Gao (5.33M)': Posted on: Jan 03 2025
2025-01-07 17:32:53,709:INFO:Scraped job: Short/Long Form Video Editor (s) | Vincent Gao (5.33M) from https://ytjobs.co/job/20596
2025-01-07 17:32:54,414:INFO:Navigated to job detail page: https://ytjobs.co/job/20475
2025-01-07 17:32:54,417:INFO:Job title found for: https://ytjobs.co/job/20475
2025-01-07 17:32:55,445:INFO:Extracted raw date for job 'Video Editor | Benny Johnson (2.6M)': Posted on: Dec 30 2024
2025-01-07 17:32:55,446:INFO:Scraped job: Video Editor | Benny Johnson (2.6M) from https://ytjobs.co/job/20475
2025-01-07 17:32:56,204:INFO:Navigated to job detail page: https://ytjobs.co/job/20528
2025-01-07 17:32:56,207:INFO:Job title found for: https://ytjobs.co/job/20528
2025-01-07 17:32:57,234:INFO:Extracted raw date for job 'Roblox Video Editor (Longform) | Reg (226K)': Posted on: Jan 01 2025
2025-01-07 17:32:57,235:INFO:Scraped job: Roblox Video Editor (Longform) | Reg (226K) from https://ytjobs.co/job/20528
2025-01-07 17:32:57,782:INFO:Navigated to job detail page: https://ytjobs.co/job/20648
2025-01-07 17:32:58,013:INFO:Job title found for: https://ytjobs.co/job/20648
2025-01-07 17:32:59,040:INFO:Extracted raw date for job 'Video Editor for Video Essay channel | AI Justin (43.4K)': Posted on: Jan 04 2025
2025-01-07 17:32:59,041:INFO:Scraped job: Video Editor for Video Essay channel | AI Justin (43.4K) from https://ytjobs.co/job/20648
2025-01-07 17:32:59,767:INFO:Navigated to job detail page: https://ytjobs.co/job/20716
2025-01-07 17:32:59,772:INFO:Job title found for: https://ytjobs.co/job/20716
2025-01-07 17:33:00,805:INFO:Extracted raw date for job 'Scriptwriter for Video Essay channel | AI Justin (43.4K)': Posted on: Jan 06 2025
2025-01-07 17:33:00,806:INFO:Scraped job: Scriptwriter for Video Essay channel | AI Justin (43.4K) from https://ytjobs.co/job/20716
2025-01-07 17:33:01,654:INFO:Navigated to job detail page: https://ytjobs.co/job/20630
2025-01-07 17:33:01,658:INFO:Job title found for: https://ytjobs.co/job/20630
2025-01-07 17:33:02,686:INFO:Extracted raw date for job 'Thumbnail Designer | Marcus DiPaola (18.2K)': Posted on: Jan 04 2025
2025-01-07 17:33:02,687:INFO:Scraped job: Thumbnail Designer | Marcus DiPaola (18.2K) from https://ytjobs.co/job/20630
2025-01-07 17:33:03,232:INFO:Navigated to job detail page: https://ytjobs.co/job/20790
2025-01-07 17:33:03,446:INFO:Job title found for: https://ytjobs.co/job/20790
2025-01-07 17:33:04,472:INFO:Extracted raw date for job 'Content Producer for Fast Growing Manufacturing Business | Paking Duck (1.12K)': Posted on: Jan 07 2025
2025-01-07 17:33:04,473:INFO:Scraped job: Content Producer for Fast Growing Manufacturing Business | Paking Duck (1.12K) from https://ytjobs.co/job/20790
2025-01-07 17:33:05,247:INFO:Navigated to job detail page: https://ytjobs.co/job/20550
2025-01-07 17:33:05,251:INFO:Job title found for: https://ytjobs.co/job/20550
2025-01-07 17:33:06,277:INFO:Extracted raw date for job 'Video Editor (Shorts) | Revised Studio LLC': Posted on: Jan 02 2025
2025-01-07 17:33:06,277:INFO:Scraped job: Video Editor (Shorts) | Revised Studio LLC from https://ytjobs.co/job/20550
2025-01-07 17:33:07,004:INFO:Navigated to job detail page: https://ytjobs.co/job/20782
2025-01-07 17:33:07,008:INFO:Job title found for: https://ytjobs.co/job/20782
2025-01-07 17:33:08,035:INFO:Extracted raw date for job 'Freelance Video Editor | JROB Media': Posted on: Jan 07 2025
2025-01-07 17:33:08,036:INFO:Scraped job: Freelance Video Editor | JROB Media from https://ytjobs.co/job/20782
2025-01-07 17:33:08,036:INFO:Found 9 new job(s). Saving to CSV...
2025-01-07 17:33:08,039:INFO:Saved 9 new job(s) to job_listings.csv.
2025-01-07 17:33:08,039:INFO:Found 2 job(s) posted today. Saving to today_jobs.csv...
2025-01-07 17:33:08,039:INFO:Added today's job: Content Producer for Fast Growing Manufacturing Business | Paking Duck (1.12K) (https://ytjobs.co/job/20790)
2025-01-07 17:33:08,039:INFO:Added today's job: Freelance Video Editor | JROB Media (https://ytjobs.co/job/20782)
2025-01-07 17:33:08,039:INFO:Saved 2 today's job(s) to today_jobs.csv.
2025-01-07 17:33:08,145:INFO:Sleeping for 3600 seconds...
2025-01-07 18:16:27,918:INFO:Loaded 9 previously scraped jobs.
2025-01-07 18:16:27,919:INFO:====== WebDriver manager ======
2025-01-07 18:16:28,477:INFO:Get LATEST chromedriver version for google-chrome
2025-01-07 18:16:28,658:INFO:Get LATEST chromedriver version for google-chrome
2025-01-07 18:16:28,730:INFO:Driver [/Users/jero/.wdm/drivers/chromedriver/mac64/131.0.6778.264/chromedriver-mac-arm64/chromedriver] found in cache
2025-01-07 18:16:30,348:INFO:WebDriver initialized and navigating to the job listings page.
2025-01-07 18:16:31,915:INFO:Loading all jobs...
2025-01-07 18:16:31,915:INFO:Attempting to click 'Load More' button...
2025-01-07 18:16:42,274:INFO:No more 'Load More' button found. All jobs loaded.
2025-01-07 18:16:42,277:INFO:Collecting job links...
2025-01-07 18:16:42,290:INFO:Found 9 job cards.
2025-01-07 18:16:42,308:INFO:Collected job link 1: https://ytjobs.co/job/20596
2025-01-07 18:16:42,317:INFO:Collected job link 2: https://ytjobs.co/job/20475
2025-01-07 18:16:42,325:INFO:Collected job link 3: https://ytjobs.co/job/20528
2025-01-07 18:16:42,334:INFO:Collected job link 4: https://ytjobs.co/job/20648
2025-01-07 18:16:42,342:INFO:Collected job link 5: https://ytjobs.co/job/20716
2025-01-07 18:16:42,353:INFO:Collected job link 6: https://ytjobs.co/job/20630
2025-01-07 18:16:42,365:INFO:Collected job link 7: https://ytjobs.co/job/20790
2025-01-07 18:16:42,393:INFO:Collected job link 8: https://ytjobs.co/job/20550
2025-01-07 18:16:42,424:INFO:Collected job link 9: https://ytjobs.co/job/20782
2025-01-07 18:16:43,527:INFO:Navigated to job detail page: https://ytjobs.co/job/20596
2025-01-07 18:16:43,539:INFO:Job title found for: https://ytjobs.co/job/20596
2025-01-07 18:16:44,571:INFO:Extracted raw date for job 'Short/Long Form Video Editor (s) | Vincent Gao (5.33M)': Posted on: Jan 03 2025
2025-01-07 18:16:44,572:INFO:Scraped job: Short/Long Form Video Editor (s) | Vincent Gao (5.33M) from https://ytjobs.co/job/20596
2025-01-07 18:16:44,572:INFO:Job already exists. Skipping: Short/Long Form Video Editor (s) | Vincent Gao (5.33M)
2025-01-07 18:16:44,809:WARNING:Retrying (Retry(total=2, connect=None, read=None, redirect=None, status=None)) after connection broken by 'NewConnectionError('<urllib3.connection.HTTPConnection object at 0x10632b390>: Failed to establish a new connection: [Errno 61] Connection refused')': /session/4b155b41818b8038c6d3ea18c66c5dbd
2025-01-07 18:16:44,813:WARNING:Retrying (Retry(total=1, connect=None, read=None, redirect=None, status=None)) after connection broken by 'NewConnectionError('<urllib3.connection.HTTPConnection object at 0x106329a90>: Failed to establish a new connection: [Errno 61] Connection refused')': /session/4b155b41818b8038c6d3ea18c66c5dbd
2025-01-07 18:16:44,815:WARNING:Retrying (Retry(total=0, connect=None, read=None, redirect=None, status=None)) after connection broken by 'NewConnectionError('<urllib3.connection.HTTPConnection object at 0x106319a70>: Failed to establish a new connection: [Errno 61] Connection refused')': /session/4b155b41818b8038c6d3ea18c66c5dbd
2025-01-07 18:56:29,104:INFO:Loaded 9 previously scraped jobs.
2025-01-07 18:56:29,104:INFO:====== WebDriver manager ======
2025-01-07 18:56:29,845:INFO:Get LATEST chromedriver version for google-chrome
2025-01-07 18:56:30,021:INFO:Get LATEST chromedriver version for google-chrome
2025-01-07 18:56:30,091:INFO:Driver [/Users/jero/.wdm/drivers/chromedriver/mac64/131.0.6778.264/chromedriver-mac-arm64/chromedriver] found in cache
2025-01-07 18:56:31,833:INFO:WebDriver initialized and navigating to the job listings page.
2025-01-07 18:56:33,912:INFO:Loading all jobs...
2025-01-07 18:56:33,913:INFO:Attempting to click 'Load More' button...
2025-01-07 18:56:44,207:INFO:No more 'Load More' button found. All jobs loaded.
2025-01-07 18:56:44,208:INFO:Collecting job links...
2025-01-07 18:56:44,218:INFO:Found 9 job cards.
2025-01-07 18:56:44,237:INFO:Collected job link 1: https://ytjobs.co/job/20596
2025-01-07 18:56:44,247:INFO:Collected job link 2: https://ytjobs.co/job/20475
2025-01-07 18:56:44,254:INFO:Collected job link 3: https://ytjobs.co/job/20528
2025-01-07 18:56:44,261:INFO:Collected job link 4: https://ytjobs.co/job/20648
2025-01-07 18:56:44,268:INFO:Collected job link 5: https://ytjobs.co/job/20716
2025-01-07 18:56:44,273:INFO:Collected job link 6: https://ytjobs.co/job/20630
2025-01-07 18:56:44,280:INFO:Collected job link 7: https://ytjobs.co/job/20790
2025-01-07 18:56:44,286:INFO:Collected job link 8: https://ytjobs.co/job/20550
2025-01-07 18:56:44,292:INFO:Collected job link 9: https://ytjobs.co/job/20782
2025-01-07 18:56:45,445:INFO:Navigated to job detail page: https://ytjobs.co/job/20596
2025-01-07 18:56:45,452:INFO:Job title found for: https://ytjobs.co/job/20596
2025-01-07 18:56:46,486:INFO:Extracted raw date for job 'Short/Long Form Video Editor (s) | Vincent Gao (5.33M)': Posted on: Jan 03 2025
2025-01-07 18:56:46,486:INFO:Scraped job: Short/Long Form Video Editor (s) | Vincent Gao (5.33M) from https://ytjobs.co/job/20596
2025-01-07 18:56:46,486:INFO:Job already exists. Skipping: Short/Long Form Video Editor (s) | Vincent Gao (5.33M)
2025-01-07 18:56:47,284:INFO:Navigated to job detail page: https://ytjobs.co/job/20475
2025-01-07 18:56:47,289:INFO:Job title found for: https://ytjobs.co/job/20475
2025-01-07 18:56:48,317:INFO:Extracted raw date for job 'Video Editor | Benny Johnson (2.6M)': Posted on: Dec 30 2024
2025-01-07 18:56:48,317:INFO:Scraped job: Video Editor | Benny Johnson (2.6M) from https://ytjobs.co/job/20475
2025-01-07 18:56:48,317:INFO:Job already exists. Skipping: Video Editor | Benny Johnson (2.6M)
2025-01-07 18:56:49,144:INFO:Navigated to job detail page: https://ytjobs.co/job/20528
2025-01-07 18:56:49,148:INFO:Job title found for: https://ytjobs.co/job/20528
2025-01-07 18:56:50,161:INFO:Extracted raw date for job 'Roblox Video Editor (Longform) | Reg (226K)': Posted on: Jan 01 2025
2025-01-07 18:56:50,161:INFO:Scraped job: Roblox Video Editor (Longform) | Reg (226K) from https://ytjobs.co/job/20528
2025-01-07 18:56:50,161:INFO:Job already exists. Skipping: Roblox Video Editor (Longform) | Reg (226K)
2025-01-07 18:56:50,923:INFO:Navigated to job detail page: https://ytjobs.co/job/20648
2025-01-07 18:56:50,928:INFO:Job title found for: https://ytjobs.co/job/20648
2025-01-07 18:56:51,953:INFO:Extracted raw date for job 'Video Editor for Video Essay channel | AI Justin (43.4K)': Posted on: Jan 04 2025
2025-01-07 18:56:51,953:INFO:Scraped job: Video Editor for Video Essay channel | AI Justin (43.4K) from https://ytjobs.co/job/20648
2025-01-07 18:56:51,953:INFO:Job already exists. Skipping: Video Editor for Video Essay channel | AI Justin (43.4K)
2025-01-07 18:56:52,694:INFO:Navigated to job detail page: https://ytjobs.co/job/20716
2025-01-07 18:56:52,698:INFO:Job title found for: https://ytjobs.co/job/20716
2025-01-07 18:56:53,731:INFO:Extracted raw date for job 'Scriptwriter for Video Essay channel | AI Justin (43.4K)': Posted on: Jan 06 2025
2025-01-07 18:56:53,731:INFO:Scraped job: Scriptwriter for Video Essay channel | AI Justin (43.4K) from https://ytjobs.co/job/20716
2025-01-07 18:56:53,731:INFO:Job already exists. Skipping: Scriptwriter for Video Essay channel | AI Justin (43.4K)
2025-01-07 18:56:54,570:INFO:Navigated to job detail page: https://ytjobs.co/job/20630
2025-01-07 18:56:54,574:INFO:Job title found for: https://ytjobs.co/job/20630
2025-01-07 18:56:55,599:INFO:Extracted raw date for job 'Thumbnail Designer | Marcus DiPaola (18.2K)': Posted on: Jan 04 2025
2025-01-07 18:56:55,600:INFO:Scraped job: Thumbnail Designer | Marcus DiPaola (18.2K) from https://ytjobs.co/job/20630
2025-01-07 18:56:55,600:INFO:Job already exists. Skipping: Thumbnail Designer | Marcus DiPaola (18.2K)
2025-01-07 18:56:56,413:INFO:Navigated to job detail page: https://ytjobs.co/job/20790
2025-01-07 18:56:56,417:INFO:Job title found for: https://ytjobs.co/job/20790
2025-01-07 18:56:57,443:INFO:Extracted raw date for job 'Content Producer for Fast Growing Manufacturing Business | Paking Duck (1.12K)': Posted on: Jan 07 2025
2025-01-07 18:56:57,444:INFO:Scraped job: Content Producer for Fast Growing Manufacturing Business | Paking Duck (1.12K) from https://ytjobs.co/job/20790
2025-01-07 18:56:57,444:INFO:Job already exists. Skipping: Content Producer for Fast Growing Manufacturing Business | Paking Duck (1.12K)
2025-01-07 18:56:58,261:INFO:Navigated to job detail page: https://ytjobs.co/job/20550
2025-01-07 18:56:58,265:INFO:Job title found for: https://ytjobs.co/job/20550
2025-01-07 18:56:59,292:INFO:Extracted raw date for job 'Video Editor (Shorts) | Revised Studio LLC': Posted on: Jan 02 2025
2025-01-07 18:56:59,292:INFO:Scraped job: Video Editor (Shorts) | Revised Studio LLC from https://ytjobs.co/job/20550
2025-01-07 18:56:59,293:INFO:Job already exists. Skipping: Video Editor (Shorts) | Revised Studio LLC
2025-01-07 18:57:00,098:INFO:Navigated to job detail page: https://ytjobs.co/job/20782
2025-01-07 18:57:00,105:INFO:Job title found for: https://ytjobs.co/job/20782
2025-01-07 18:57:01,133:INFO:Extracted raw date for job 'Freelance Video Editor | JROB Media': Posted on: Jan 07 2025
2025-01-07 18:57:01,134:INFO:Scraped job: Freelance Video Editor | JROB Media from https://ytjobs.co/job/20782
2025-01-07 18:57:01,134:INFO:Job already exists. Skipping: Freelance Video Editor | JROB Media
2025-01-07 18:57:01,134:INFO:No new jobs found.
2025-01-07 18:57:01,134:INFO:No jobs posted today.
2025-01-07 18:57:01,238:INFO:Sleeping for 60 seconds...
2025-01-07 18:58:01,259:INFO:====== WebDriver manager ======
2025-01-07 18:58:01,541:INFO:Get LATEST chromedriver version for google-chrome
2025-01-07 18:58:01,617:INFO:Get LATEST chromedriver version for google-chrome
2025-01-07 18:58:01,682:INFO:Driver [/Users/jero/.wdm/drivers/chromedriver/mac64/131.0.6778.264/chromedriver-mac-arm64/chromedriver] found in cache
2025-01-07 18:58:03,339:INFO:WebDriver initialized and navigating to the job listings page.
2025-01-07 18:58:04,912:INFO:Loading all jobs...
2025-01-07 18:58:04,912:INFO:Attempting to click 'Load More' button...
2025-01-07 18:58:15,260:INFO:No more 'Load More' button found. All jobs loaded.
2025-01-07 18:58:15,262:INFO:Collecting job links...
2025-01-07 18:58:15,277:INFO:Found 9 job cards.
2025-01-07 18:58:15,297:INFO:Collected job link 1: https://ytjobs.co/job/20596
2025-01-07 18:58:15,306:INFO:Collected job link 2: https://ytjobs.co/job/20475
2025-01-07 18:58:15,315:INFO:Collected job link 3: https://ytjobs.co/job/20528
2025-01-07 18:58:15,322:INFO:Collected job link 4: https://ytjobs.co/job/20648
2025-01-07 18:58:15,329:INFO:Collected job link 5: https://ytjobs.co/job/20716
2025-01-07 18:58:15,335:INFO:Collected job link 6: https://ytjobs.co/job/20630
2025-01-07 18:58:15,341:INFO:Collected job link 7: https://ytjobs.co/job/20790
2025-01-07 18:58:15,347:INFO:Collected job link 8: https://ytjobs.co/job/20550
2025-01-07 18:58:15,353:INFO:Collected job link 9: https://ytjobs.co/job/20782
2025-01-07 18:58:16,331:INFO:Navigated to job detail page: https://ytjobs.co/job/20596
2025-01-07 18:58:16,339:INFO:Job title found for: https://ytjobs.co/job/20596
2025-01-07 18:58:17,363:INFO:Extracted raw date for job 'Short/Long Form Video Editor (s) | Vincent Gao (5.33M)': Posted on: Jan 03 2025
2025-01-07 18:58:17,363:INFO:Scraped job: Short/Long Form Video Editor (s) | Vincent Gao (5.33M) from https://ytjobs.co/job/20596
2025-01-07 18:58:17,364:INFO:Job already exists. Skipping: Short/Long Form Video Editor (s) | Vincent Gao (5.33M)
2025-01-07 18:58:17,979:INFO:Navigated to job detail page: https://ytjobs.co/job/20475
2025-01-07 18:58:18,162:INFO:Job title found for: https://ytjobs.co/job/20475
2025-01-07 18:58:19,192:INFO:Extracted raw date for job 'Video Editor | Benny Johnson (2.6M)': Posted on: Dec 30 2024
2025-01-07 18:58:19,193:INFO:Scraped job: Video Editor | Benny Johnson (2.6M) from https://ytjobs.co/job/20475
2025-01-07 18:58:19,193:INFO:Job already exists. Skipping: Video Editor | Benny Johnson (2.6M)
2025-01-07 18:58:19,972:INFO:Navigated to job detail page: https://ytjobs.co/job/20528
2025-01-07 18:58:19,984:INFO:Job title found for: https://ytjobs.co/job/20528
2025-01-07 18:58:21,004:INFO:Extracted raw date for job 'Roblox Video Editor (Longform) | Reg (226K)': Posted on: Jan 01 2025
2025-01-07 18:58:21,005:INFO:Scraped job: Roblox Video Editor (Longform) | Reg (226K) from https://ytjobs.co/job/20528
2025-01-07 18:58:21,005:INFO:Job already exists. Skipping: Roblox Video Editor (Longform) | Reg (226K)
2025-01-07 18:58:21,682:INFO:Navigated to job detail page: https://ytjobs.co/job/20648
2025-01-07 18:58:21,688:INFO:Job title found for: https://ytjobs.co/job/20648
2025-01-07 18:58:22,714:INFO:Extracted raw date for job 'Video Editor for Video Essay channel | AI Justin (43.4K)': Posted on: Jan 04 2025
2025-01-07 18:58:22,715:INFO:Scraped job: Video Editor for Video Essay channel | AI Justin (43.4K) from https://ytjobs.co/job/20648
2025-01-07 18:58:22,715:INFO:Job already exists. Skipping: Video Editor for Video Essay channel | AI Justin (43.4K)
2025-01-07 18:58:23,241:INFO:Navigated to job detail page: https://ytjobs.co/job/20716
2025-01-07 18:58:23,466:INFO:Job title found for: https://ytjobs.co/job/20716
2025-01-07 18:58:24,533:INFO:Extracted raw date for job 'Scriptwriter for Video Essay channel | AI Justin (43.4K)': Posted on: Jan 06 2025
2025-01-07 18:58:24,533:INFO:Scraped job: Scriptwriter for Video Essay channel | AI Justin (43.4K) from https://ytjobs.co/job/20716
2025-01-07 18:58:24,533:INFO:Job already exists. Skipping: Scriptwriter for Video Essay channel | AI Justin (43.4K)
2025-01-07 18:58:25,154:INFO:Navigated to job detail page: https://ytjobs.co/job/20630
2025-01-07 18:58:25,375:INFO:Job title found for: https://ytjobs.co/job/20630
2025-01-07 18:58:26,406:INFO:Extracted raw date for job 'Thumbnail Designer | Marcus DiPaola (18.2K)': Posted on: Jan 04 2025
2025-01-07 18:58:26,407:INFO:Scraped job: Thumbnail Designer | Marcus DiPaola (18.2K) from https://ytjobs.co/job/20630
2025-01-07 18:58:26,407:INFO:Job already exists. Skipping: Thumbnail Designer | Marcus DiPaola (18.2K)
2025-01-07 18:58:27,112:INFO:Navigated to job detail page: https://ytjobs.co/job/20790
2025-01-07 18:58:27,117:INFO:Job title found for: https://ytjobs.co/job/20790
2025-01-07 18:58:28,156:INFO:Extracted raw date for job 'Content Producer for Fast Growing Manufacturing Business | Paking Duck (1.12K)': Posted on: Jan 07 2025
2025-01-07 18:58:28,158:INFO:Scraped job: Content Producer for Fast Growing Manufacturing Business | Paking Duck (1.12K) from https://ytjobs.co/job/20790
2025-01-07 18:58:28,158:INFO:Job already exists. Skipping: Content Producer for Fast Growing Manufacturing Business | Paking Duck (1.12K)
2025-01-07 18:58:28,914:INFO:Navigated to job detail page: https://ytjobs.co/job/20550
2025-01-07 18:58:28,925:INFO:Job title found for: https://ytjobs.co/job/20550
2025-01-07 18:58:29,950:INFO:Extracted raw date for job 'Video Editor (Shorts) | Revised Studio LLC': Posted on: Jan 02 2025
2025-01-07 18:58:29,951:INFO:Scraped job: Video Editor (Shorts) | Revised Studio LLC from https://ytjobs.co/job/20550
2025-01-07 18:58:29,951:INFO:Job already exists. Skipping: Video Editor (Shorts) | Revised Studio LLC
2025-01-07 18:58:30,690:INFO:Navigated to job detail page: https://ytjobs.co/job/20782
2025-01-07 18:58:30,699:INFO:Job title found for: https://ytjobs.co/job/20782
2025-01-07 18:58:31,735:INFO:Extracted raw date for job 'Freelance Video Editor | JROB Media': Posted on: Jan 07 2025
2025-01-07 18:58:31,735:INFO:Scraped job: Freelance Video Editor | JROB Media from https://ytjobs.co/job/20782
2025-01-07 18:58:31,735:INFO:Job already exists. Skipping: Freelance Video Editor | JROB Media
2025-01-07 18:58:31,735:INFO:No new jobs found.
2025-01-07 18:58:31,735:INFO:No jobs posted today.
2025-01-07 18:58:31,875:INFO:Sleeping for 60 seconds...
2025-01-07 18:59:31,879:INFO:====== WebDriver manager ======
2025-01-07 18:59:32,151:INFO:Get LATEST chromedriver version for google-chrome
2025-01-07 18:59:32,261:INFO:Get LATEST chromedriver version for google-chrome
2025-01-07 18:59:32,324:INFO:Driver [/Users/jero/.wdm/drivers/chromedriver/mac64/131.0.6778.264/chromedriver-mac-arm64/chromedriver] found in cache
2025-01-07 18:59:33,832:INFO:WebDriver initialized and navigating to the job listings page.
2025-01-07 18:59:35,729:INFO:Loading all jobs...
2025-01-07 18:59:35,729:INFO:Attempting to click 'Load More' button...
2025-01-07 18:59:46,028:INFO:No more 'Load More' button found. All jobs loaded.
2025-01-07 18:59:46,028:INFO:Collecting job links...
2025-01-07 18:59:46,045:INFO:Found 9 job cards.
2025-01-07 18:59:46,069:INFO:Collected job link 1: https://ytjobs.co/job/20596
2025-01-07 18:59:46,083:INFO:Collected job link 2: https://ytjobs.co/job/20475
2025-01-07 18:59:46,091:INFO:Collected job link 3: https://ytjobs.co/job/20528
2025-01-07 18:59:46,098:INFO:Collected job link 4: https://ytjobs.co/job/20648
2025-01-07 18:59:46,105:INFO:Collected job link 5: https://ytjobs.co/job/20716
2025-01-07 18:59:46,115:INFO:Collected job link 6: https://ytjobs.co/job/20630
2025-01-07 18:59:46,122:INFO:Collected job link 7: https://ytjobs.co/job/20790
2025-01-07 18:59:46,128:INFO:Collected job link 8: https://ytjobs.co/job/20550
2025-01-07 18:59:46,134:INFO:Collected job link 9: https://ytjobs.co/job/20782
2025-01-07 18:59:47,242:INFO:Navigated to job detail page: https://ytjobs.co/job/20596
2025-01-07 18:59:47,251:INFO:Job title found for: https://ytjobs.co/job/20596
2025-01-07 18:59:48,282:INFO:Extracted raw date for job 'Short/Long Form Video Editor (s) | Vincent Gao (5.33M)': Posted on: Jan 03 2025
2025-01-07 18:59:48,282:INFO:Scraped job: Short/Long Form Video Editor (s) | Vincent Gao (5.33M) from https://ytjobs.co/job/20596
2025-01-07 18:59:48,282:INFO:Job already exists. Skipping: Short/Long Form Video Editor (s) | Vincent Gao (5.33M)
2025-01-07 18:59:49,148:INFO:Navigated to job detail page: https://ytjobs.co/job/20475
2025-01-07 18:59:49,163:INFO:Job title found for: https://ytjobs.co/job/20475
2025-01-07 18:59:50,189:INFO:Extracted raw date for job 'Video Editor | Benny Johnson (2.6M)': Posted on: Dec 30 2024
2025-01-07 18:59:50,190:INFO:Scraped job: Video Editor | Benny Johnson (2.6M) from https://ytjobs.co/job/20475
2025-01-07 18:59:50,190:INFO:Job already exists. Skipping: Video Editor | Benny Johnson (2.6M)
2025-01-07 18:59:52,236:INFO:Navigated to job detail page: https://ytjobs.co/job/20528
2025-01-07 18:59:52,253:INFO:Job title found for: https://ytjobs.co/job/20528
2025-01-07 18:59:53,266:INFO:Extracted raw date for job 'Roblox Video Editor (Longform) | Reg (226K)': Posted on: Jan 01 2025
2025-01-07 18:59:53,266:INFO:Scraped job: Roblox Video Editor (Longform) | Reg (226K) from https://ytjobs.co/job/20528
2025-01-07 18:59:53,266:INFO:Job already exists. Skipping: Roblox Video Editor (Longform) | Reg (226K)
2025-01-07 18:59:53,997:INFO:Navigated to job detail page: https://ytjobs.co/job/20648
2025-01-07 18:59:54,003:INFO:Job title found for: https://ytjobs.co/job/20648
2025-01-07 18:59:55,027:INFO:Extracted raw date for job 'Video Editor for Video Essay channel | AI Justin (43.4K)': Posted on: Jan 04 2025
2025-01-07 18:59:55,027:INFO:Scraped job: Video Editor for Video Essay channel | AI Justin (43.4K) from https://ytjobs.co/job/20648
2025-01-07 18:59:55,027:INFO:Job already exists. Skipping: Video Editor for Video Essay channel | AI Justin (43.4K)
2025-01-07 18:59:55,738:INFO:Navigated to job detail page: https://ytjobs.co/job/20716
2025-01-07 18:59:55,746:INFO:Job title found for: https://ytjobs.co/job/20716
2025-01-07 18:59:56,775:INFO:Extracted raw date for job 'Scriptwriter for Video Essay channel | AI Justin (43.4K)': Posted on: Jan 06 2025
2025-01-07 18:59:56,776:INFO:Scraped job: Scriptwriter for Video Essay channel | AI Justin (43.4K) from https://ytjobs.co/job/20716
2025-01-07 18:59:56,776:INFO:Job already exists. Skipping: Scriptwriter for Video Essay channel | AI Justin (43.4K)
2025-01-07 18:59:57,564:INFO:Navigated to job detail page: https://ytjobs.co/job/20630
2025-01-07 18:59:57,586:INFO:Job title found for: https://ytjobs.co/job/20630
2025-01-07 18:59:58,601:INFO:Extracted raw date for job 'Thumbnail Designer | Marcus DiPaola (18.2K)': Posted on: Jan 04 2025
2025-01-07 18:59:58,602:INFO:Scraped job: Thumbnail Designer | Marcus DiPaola (18.2K) from https://ytjobs.co/job/20630
2025-01-07 18:59:58,602:INFO:Job already exists. Skipping: Thumbnail Designer | Marcus DiPaola (18.2K)
2025-01-07 18:59:59,119:INFO:Navigated to job detail page: https://ytjobs.co/job/20790
2025-01-07 18:59:59,349:INFO:Job title found for: https://ytjobs.co/job/20790
2025-01-07 19:00:00,376:INFO:Extracted raw date for job 'Content Producer for Fast Growing Manufacturing Business | Paking Duck (1.12K)': Posted on: Jan 07 2025
2025-01-07 19:00:00,377:INFO:Scraped job: Content Producer for Fast Growing Manufacturing Business | Paking Duck (1.12K) from https://ytjobs.co/job/20790
2025-01-07 19:00:00,377:INFO:Job already exists. Skipping: Content Producer for Fast Growing Manufacturing Business | Paking Duck (1.12K)
2025-01-07 19:00:01,241:INFO:Navigated to job detail page: https://ytjobs.co/job/20550
2025-01-07 19:00:01,250:INFO:Job title found for: https://ytjobs.co/job/20550
2025-01-07 19:00:02,272:INFO:Extracted raw date for job 'Video Editor (Shorts) | Revised Studio LLC': Posted on: Jan 02 2025
2025-01-07 19:00:02,273:INFO:Scraped job: Video Editor (Shorts) | Revised Studio LLC from https://ytjobs.co/job/20550
2025-01-07 19:00:02,273:INFO:Job already exists. Skipping: Video Editor (Shorts) | Revised Studio LLC
2025-01-07 19:00:02,983:INFO:Navigated to job detail page: https://ytjobs.co/job/20782
2025-01-07 19:00:02,989:INFO:Job title found for: https://ytjobs.co/job/20782
2025-01-07 19:00:04,016:INFO:Extracted raw date for job 'Freelance Video Editor | JROB Media': Posted on: Jan 07 2025
2025-01-07 19:00:04,017:INFO:Scraped job: Freelance Video Editor | JROB Media from https://ytjobs.co/job/20782
2025-01-07 19:00:04,017:INFO:Job already exists. Skipping: Freelance Video Editor | JROB Media
2025-01-07 19:00:04,017:INFO:No new jobs found.
2025-01-07 19:00:04,017:INFO:No jobs posted today.
2025-01-07 19:00:04,126:INFO:Sleeping for 60 seconds...
2025-01-07 19:04:34,904:INFO:Loaded 9 previously scraped jobs.
2025-01-07 19:04:34,905:INFO:====== WebDriver manager ======
2025-01-07 19:04:35,473:INFO:Get LATEST chromedriver version for google-chrome
2025-01-07 19:04:35,553:INFO:Get LATEST chromedriver version for google-chrome
2025-01-07 19:04:35,620:INFO:Driver [/Users/jero/.wdm/drivers/chromedriver/mac64/131.0.6778.264/chromedriver-mac-arm64/chromedriver] found in cache
2025-01-07 19:04:37,110:INFO:WebDriver initialized and navigating to the job listings page.
2025-01-07 19:04:39,501:INFO:Loading all jobs...
2025-01-07 19:04:39,502:INFO:Attempting to click 'Load More' button...
2025-01-07 19:04:44,686:INFO:No 'Load More' button found or it is no longer clickable.
2025-01-07 19:04:47,705:INFO:Page height did not change after scrolling. Assuming all jobs loaded.
2025-01-07 19:04:47,707:INFO:Collecting job links...
2025-01-07 19:04:47,719:INFO:Found 9 job cards on the page.
2025-01-07 19:04:47,734:INFO:Collected job link 1: https://ytjobs.co/job/20596
2025-01-07 19:04:47,742:INFO:Collected job link 2: https://ytjobs.co/job/20475
2025-01-07 19:04:47,749:INFO:Collected job link 3: https://ytjobs.co/job/20528
2025-01-07 19:04:47,755:INFO:Collected job link 4: https://ytjobs.co/job/20648
2025-01-07 19:04:47,762:INFO:Collected job link 5: https://ytjobs.co/job/20716
2025-01-07 19:04:47,768:INFO:Collected job link 6: https://ytjobs.co/job/20630
2025-01-07 19:04:47,773:INFO:Collected job link 7: https://ytjobs.co/job/20790
2025-01-07 19:04:47,779:INFO:Collected job link 8: https://ytjobs.co/job/20550
2025-01-07 19:04:47,785:INFO:Collected job link 9: https://ytjobs.co/job/20782
2025-01-07 19:04:48,789:INFO:Navigated to job detail page: https://ytjobs.co/job/20596
2025-01-07 19:04:48,798:INFO:Job title found for: https://ytjobs.co/job/20596
2025-01-07 19:04:49,831:INFO:Extracted raw date for job 'Short/Long Form Video Editor (s) | Vincent Gao (5.33M)': Posted on: Jan 03 2025
2025-01-07 19:04:49,831:INFO:Scraped job: Short/Long Form Video Editor (s) | Vincent Gao (5.33M) from https://ytjobs.co/job/20596
2025-01-07 19:04:49,831:INFO:Job already exists. Skipping: Short/Long Form Video Editor (s) | Vincent Gao (5.33M)
2025-01-07 19:04:50,779:INFO:Navigated to job detail page: https://ytjobs.co/job/20475
2025-01-07 19:04:50,782:INFO:Job title found for: https://ytjobs.co/job/20475
2025-01-07 19:04:51,811:INFO:Extracted raw date for job 'Video Editor | Benny Johnson (2.6M)': Posted on: Dec 30 2024
2025-01-07 19:04:51,812:INFO:Scraped job: Video Editor | Benny Johnson (2.6M) from https://ytjobs.co/job/20475
2025-01-07 19:04:51,812:INFO:Job already exists. Skipping: Video Editor | Benny Johnson (2.6M)
2025-01-07 19:04:52,757:INFO:Navigated to job detail page: https://ytjobs.co/job/20528
2025-01-07 19:04:52,761:INFO:Job title found for: https://ytjobs.co/job/20528
2025-01-07 19:04:53,790:INFO:Extracted raw date for job 'Roblox Video Editor (Longform) | Reg (226K)': Posted on: Jan 01 2025
2025-01-07 19:04:53,791:INFO:Scraped job: Roblox Video Editor (Longform) | Reg (226K) from https://ytjobs.co/job/20528
2025-01-07 19:04:53,791:INFO:Job already exists. Skipping: Roblox Video Editor (Longform) | Reg (226K)
2025-01-07 19:04:54,515:INFO:Navigated to job detail page: https://ytjobs.co/job/20648
2025-01-07 19:04:54,519:INFO:Job title found for: https://ytjobs.co/job/20648
2025-01-07 19:04:55,543:INFO:Extracted raw date for job 'Video Editor for Video Essay channel | AI Justin (43.4K)': Posted on: Jan 04 2025
2025-01-07 19:04:55,544:INFO:Scraped job: Video Editor for Video Essay channel | AI Justin (43.4K) from https://ytjobs.co/job/20648
2025-01-07 19:04:55,544:INFO:Job already exists. Skipping: Video Editor for Video Essay channel | AI Justin (43.4K)
2025-01-07 19:04:56,254:INFO:Navigated to job detail page: https://ytjobs.co/job/20716
2025-01-07 19:04:56,257:INFO:Job title found for: https://ytjobs.co/job/20716
2025-01-07 19:04:57,289:INFO:Extracted raw date for job 'Scriptwriter for Video Essay channel | AI Justin (43.4K)': Posted on: Jan 06 2025
2025-01-07 19:04:57,290:INFO:Scraped job: Scriptwriter for Video Essay channel | AI Justin (43.4K) from https://ytjobs.co/job/20716
2025-01-07 19:04:57,290:INFO:Job already exists. Skipping: Scriptwriter for Video Essay channel | AI Justin (43.4K)
2025-01-07 19:04:58,085:INFO:Navigated to job detail page: https://ytjobs.co/job/20630
2025-01-07 19:04:58,089:INFO:Job title found for: https://ytjobs.co/job/20630
2025-01-07 19:04:59,116:INFO:Extracted raw date for job 'Thumbnail Designer | Marcus DiPaola (18.2K)': Posted on: Jan 04 2025
2025-01-07 19:04:59,116:INFO:Scraped job: Thumbnail Designer | Marcus DiPaola (18.2K) from https://ytjobs.co/job/20630
2025-01-07 19:04:59,117:INFO:Job already exists. Skipping: Thumbnail Designer | Marcus DiPaola (18.2K)
2025-01-07 19:04:59,983:INFO:Navigated to job detail page: https://ytjobs.co/job/20790
2025-01-07 19:04:59,988:INFO:Job title found for: https://ytjobs.co/job/20790
2025-01-07 19:05:01,015:INFO:Extracted raw date for job 'Content Producer for Fast Growing Manufacturing Business | Paking Duck (1.12K)': Posted on: Jan 07 2025
2025-01-07 19:05:01,016:INFO:Scraped job: Content Producer for Fast Growing Manufacturing Business | Paking Duck (1.12K) from https://ytjobs.co/job/20790
2025-01-07 19:05:01,016:INFO:Job already exists. Skipping: Content Producer for Fast Growing Manufacturing Business | Paking Duck (1.12K)
2025-01-07 19:05:02,037:INFO:Navigated to job detail page: https://ytjobs.co/job/20550
2025-01-07 19:05:02,041:INFO:Job title found for: https://ytjobs.co/job/20550
2025-01-07 19:05:03,068:INFO:Extracted raw date for job 'Video Editor (Shorts) | Revised Studio LLC': Posted on: Jan 02 2025
2025-01-07 19:05:03,069:INFO:Scraped job: Video Editor (Shorts) | Revised Studio LLC from https://ytjobs.co/job/20550
2025-01-07 19:05:03,069:INFO:Job already exists. Skipping: Video Editor (Shorts) | Revised Studio LLC
2025-01-07 19:05:03,891:INFO:Navigated to job detail page: https://ytjobs.co/job/20782
2025-01-07 19:05:03,896:INFO:Job title found for: https://ytjobs.co/job/20782
2025-01-07 19:05:04,924:INFO:Extracted raw date for job 'Freelance Video Editor | JROB Media': Posted on: Jan 07 2025
2025-01-07 19:05:04,925:INFO:Scraped job: Freelance Video Editor | JROB Media from https://ytjobs.co/job/20782
2025-01-07 19:05:04,925:INFO:Job already exists. Skipping: Freelance Video Editor | JROB Media
2025-01-07 19:05:04,926:INFO:No new jobs found.
2025-01-07 19:05:04,926:INFO:No jobs posted today.
2025-01-07 19:05:05,029:INFO:Sleeping for 60 seconds...
2025-01-07 19:06:05,034:INFO:====== WebDriver manager ======
2025-01-07 19:06:05,308:INFO:Get LATEST chromedriver version for google-chrome
2025-01-07 19:06:05,389:INFO:Get LATEST chromedriver version for google-chrome
2025-01-07 19:06:05,456:INFO:Driver [/Users/jero/.wdm/drivers/chromedriver/mac64/131.0.6778.264/chromedriver-mac-arm64/chromedriver] found in cache
2025-01-07 19:06:06,981:INFO:WebDriver initialized and navigating to the job listings page.
2025-01-07 19:06:09,018:INFO:Loading all jobs...
2025-01-07 19:06:09,019:INFO:Attempting to click 'Load More' button...
2025-01-07 19:06:14,180:INFO:No 'Load More' button found or it is no longer clickable.
2025-01-07 19:06:17,195:INFO:Page height did not change after scrolling. Assuming all jobs loaded.
2025-01-07 19:06:17,195:INFO:Collecting job links...
2025-01-07 19:06:17,203:INFO:Found 9 job cards on the page.
2025-01-07 19:06:17,216:INFO:Collected job link 1: https://ytjobs.co/job/20596
2025-01-07 19:06:17,227:INFO:Collected job link 2: https://ytjobs.co/job/20475
2025-01-07 19:06:17,233:INFO:Collected job link 3: https://ytjobs.co/job/20528
2025-01-07 19:06:17,241:INFO:Collected job link 4: https://ytjobs.co/job/20648
2025-01-07 19:06:17,283:INFO:Collected job link 5: https://ytjobs.co/job/20716
2025-01-07 19:06:17,300:INFO:Collected job link 6: https://ytjobs.co/job/20630
2025-01-07 19:06:17,307:INFO:Collected job link 7: https://ytjobs.co/job/20790
2025-01-07 19:06:17,315:INFO:Collected job link 8: https://ytjobs.co/job/20550
2025-01-07 19:06:17,319:INFO:Collected job link 9: https://ytjobs.co/job/20782
2025-01-07 19:06:18,255:INFO:Navigated to job detail page: https://ytjobs.co/job/20596
2025-01-07 19:06:18,262:INFO:Job title found for: https://ytjobs.co/job/20596
2025-01-07 19:06:19,282:INFO:Extracted raw date for job 'Short/Long Form Video Editor (s) | Vincent Gao (5.33M)': Posted on: Jan 03 2025
2025-01-07 19:06:19,283:INFO:Scraped job: Short/Long Form Video Editor (s) | Vincent Gao (5.33M) from https://ytjobs.co/job/20596
2025-01-07 19:06:19,283:INFO:Job already exists. Skipping: Short/Long Form Video Editor (s) | Vincent Gao (5.33M)
2025-01-07 19:06:20,106:INFO:Navigated to job detail page: https://ytjobs.co/job/20475
2025-01-07 19:06:20,114:INFO:Job title found for: https://ytjobs.co/job/20475
2025-01-07 19:06:21,128:INFO:Extracted raw date for job 'Video Editor | Benny Johnson (2.6M)': Posted on: Dec 30 2024
2025-01-07 19:06:21,128:INFO:Scraped job: Video Editor | Benny Johnson (2.6M) from https://ytjobs.co/job/20475
2025-01-07 19:06:21,128:INFO:Job already exists. Skipping: Video Editor | Benny Johnson (2.6M)
2025-01-07 19:06:21,948:INFO:Navigated to job detail page: https://ytjobs.co/job/20528
2025-01-07 19:06:21,953:INFO:Job title found for: https://ytjobs.co/job/20528
2025-01-07 19:06:22,972:INFO:Extracted raw date for job 'Roblox Video Editor (Longform) | Reg (226K)': Posted on: Jan 01 2025
2025-01-07 19:06:22,973:INFO:Scraped job: Roblox Video Editor (Longform) | Reg (226K) from https://ytjobs.co/job/20528
2025-01-07 19:06:22,973:INFO:Job already exists. Skipping: Roblox Video Editor (Longform) | Reg (226K)
2025-01-07 19:06:23,713:INFO:Navigated to job detail page: https://ytjobs.co/job/20648
2025-01-07 19:06:23,718:INFO:Job title found for: https://ytjobs.co/job/20648
2025-01-07 19:06:24,744:INFO:Extracted raw date for job 'Video Editor for Video Essay channel | AI Justin (43.4K)': Posted on: Jan 04 2025
2025-01-07 19:06:24,745:INFO:Scraped job: Video Editor for Video Essay channel | AI Justin (43.4K) from https://ytjobs.co/job/20648
2025-01-07 19:06:24,745:INFO:Job already exists. Skipping: Video Editor for Video Essay channel | AI Justin (43.4K)
2025-01-07 19:06:25,530:INFO:Navigated to job detail page: https://ytjobs.co/job/20716
2025-01-07 19:06:25,533:INFO:Job title found for: https://ytjobs.co/job/20716
2025-01-07 19:06:26,552:INFO:Extracted raw date for job 'Scriptwriter for Video Essay channel | AI Justin (43.4K)': Posted on: Jan 06 2025
2025-01-07 19:06:26,553:INFO:Scraped job: Scriptwriter for Video Essay channel | AI Justin (43.4K) from https://ytjobs.co/job/20716
2025-01-07 19:06:26,553:INFO:Job already exists. Skipping: Scriptwriter for Video Essay channel | AI Justin (43.4K)
2025-01-07 19:06:27,304:INFO:Navigated to job detail page: https://ytjobs.co/job/20630
2025-01-07 19:06:27,307:INFO:Job title found for: https://ytjobs.co/job/20630
2025-01-07 19:06:28,322:INFO:Extracted raw date for job 'Thumbnail Designer | Marcus DiPaola (18.2K)': Posted on: Jan 04 2025
2025-01-07 19:06:28,323:INFO:Scraped job: Thumbnail Designer | Marcus DiPaola (18.2K) from https://ytjobs.co/job/20630
2025-01-07 19:06:28,323:INFO:Job already exists. Skipping: Thumbnail Designer | Marcus DiPaola (18.2K)
2025-01-07 19:06:29,124:INFO:Navigated to job detail page: https://ytjobs.co/job/20790
2025-01-07 19:06:29,130:INFO:Job title found for: https://ytjobs.co/job/20790
2025-01-07 19:06:30,158:INFO:Extracted raw date for job 'Content Producer for Fast Growing Manufacturing Business | Paking Duck (1.12K)': Posted on: Jan 07 2025
2025-01-07 19:06:30,160:INFO:Scraped job: Content Producer for Fast Growing Manufacturing Business | Paking Duck (1.12K) from https://ytjobs.co/job/20790
2025-01-07 19:06:30,160:INFO:Job already exists. Skipping: Content Producer for Fast Growing Manufacturing Business | Paking Duck (1.12K)
2025-01-07 19:06:30,996:INFO:Navigated to job detail page: https://ytjobs.co/job/20550
2025-01-07 19:06:31,000:INFO:Job title found for: https://ytjobs.co/job/20550
2025-01-07 19:06:32,026:INFO:Extracted raw date for job 'Video Editor (Shorts) | Revised Studio LLC': Posted on: Jan 02 2025
2025-01-07 19:06:32,032:INFO:Scraped job: Video Editor (Shorts) | Revised Studio LLC from https://ytjobs.co/job/20550
2025-01-07 19:06:32,034:INFO:Job already exists. Skipping: Video Editor (Shorts) | Revised Studio LLC
2025-01-07 19:06:32,574:INFO:Navigated to job detail page: https://ytjobs.co/job/20782
2025-01-07 19:06:32,777:INFO:Job title found for: https://ytjobs.co/job/20782
2025-01-07 19:06:33,810:INFO:Extracted raw date for job 'Freelance Video Editor | JROB Media': Posted on: Jan 07 2025
2025-01-07 19:06:33,811:INFO:Scraped job: Freelance Video Editor | JROB Media from https://ytjobs.co/job/20782
2025-01-07 19:06:33,811:INFO:Job already exists. Skipping: Freelance Video Editor | JROB Media
2025-01-07 19:06:33,811:INFO:No new jobs found.
2025-01-07 19:06:33,811:INFO:No jobs posted today.
2025-01-07 19:06:33,944:INFO:Sleeping for 60 seconds...
2025-01-07 19:06:47,479:INFO:Loaded 9 previously scraped jobs.
2025-01-07 19:06:47,480:INFO:====== WebDriver manager ======
2025-01-07 19:06:47,689:INFO:Get LATEST chromedriver version for google-chrome
2025-01-07 19:06:47,765:INFO:Get LATEST chromedriver version for google-chrome
2025-01-07 19:06:47,836:INFO:Driver [/Users/jero/.wdm/drivers/chromedriver/mac64/131.0.6778.264/chromedriver-mac-arm64/chromedriver] found in cache
2025-01-07 19:06:49,406:INFO:WebDriver initialized and navigating to the job listings page.
2025-01-07 19:06:51,699:INFO:Loading all jobs...
2025-01-07 19:06:51,699:INFO:Attempting to click 'Load More' button...
2025-01-07 19:06:51,822:INFO:Clicked 'Load More' button.
2025-01-07 19:06:54,827:INFO:Attempting to click 'Load More' button...
2025-01-07 19:06:54,924:INFO:Clicked 'Load More' button.
2025-01-07 19:06:57,929:INFO:Attempting to click 'Load More' button...
2025-01-07 19:06:58,016:INFO:Clicked 'Load More' button.
2025-01-07 19:07:01,021:INFO:Attempting to click 'Load More' button...
2025-01-07 19:07:01,119:INFO:Clicked 'Load More' button.
2025-01-07 19:07:04,124:INFO:Attempting to click 'Load More' button...
2025-01-07 19:07:04,223:INFO:Clicked 'Load More' button.
2025-01-07 19:07:07,228:INFO:Attempting to click 'Load More' button...
2025-01-07 19:07:07,325:INFO:Clicked 'Load More' button.
2025-01-07 19:07:10,330:INFO:Attempting to click 'Load More' button...
2025-01-07 19:07:10,429:INFO:Clicked 'Load More' button.
2025-01-07 19:07:13,434:INFO:Attempting to click 'Load More' button...
2025-01-07 19:07:13,547:INFO:Clicked 'Load More' button.
2025-01-07 19:07:16,553:INFO:Attempting to click 'Load More' button...
2025-01-07 19:07:16,673:INFO:Clicked 'Load More' button.
2025-01-07 19:07:19,678:INFO:Attempting to click 'Load More' button...
2025-01-07 19:07:19,790:INFO:Clicked 'Load More' button.
2025-01-07 19:07:22,794:INFO:Attempting to click 'Load More' button...
2025-01-07 19:07:22,912:INFO:Clicked 'Load More' button.
2025-01-07 19:07:25,917:INFO:Attempting to click 'Load More' button...
2025-01-07 19:07:26,048:INFO:Clicked 'Load More' button.
2025-01-07 19:07:29,053:INFO:Attempting to click 'Load More' button...
2025-01-07 19:07:29,159:INFO:Clicked 'Load More' button.
2025-01-07 19:07:32,164:INFO:Attempting to click 'Load More' button...
2025-01-07 19:07:32,290:INFO:Clicked 'Load More' button.
2025-01-07 19:07:35,295:INFO:Attempting to click 'Load More' button...
2025-01-07 19:07:35,419:INFO:Clicked 'Load More' button.
2025-01-07 19:07:38,424:INFO:Attempting to click 'Load More' button...
2025-01-07 19:07:38,541:INFO:Clicked 'Load More' button.
2025-01-07 19:07:41,546:INFO:Attempting to click 'Load More' button...
2025-01-07 19:07:41,681:INFO:Clicked 'Load More' button.
2025-01-07 19:07:43,777:WARNING:Retrying (Retry(total=2, connect=None, read=None, redirect=None, status=None)) after connection broken by 'NewConnectionError('<urllib3.connection.HTTPConnection object at 0x102cfd550>: Failed to establish a new connection: [Errno 61] Connection refused')': /session/66360ffe8d66d4d64820df44b209624a
2025-01-07 19:07:43,780:WARNING:Retrying (Retry(total=1, connect=None, read=None, redirect=None, status=None)) after connection broken by 'NewConnectionError('<urllib3.connection.HTTPConnection object at 0x102bf9bd0>: Failed to establish a new connection: [Errno 61] Connection refused')': /session/66360ffe8d66d4d64820df44b209624a
2025-01-07 19:07:43,782:WARNING:Retrying (Retry(total=0, connect=None, read=None, redirect=None, status=None)) after connection broken by 'NewConnectionError('<urllib3.connection.HTTPConnection object at 0x102bfa990>: Failed to establish a new connection: [Errno 61] Connection refused')': /session/66360ffe8d66d4d64820df44b209624a
2025-01-07 19:09:02,991:INFO:Loaded 9 previously scraped jobs.
2025-01-07 19:09:02,992:INFO:====== WebDriver manager ======
2025-01-07 19:09:03,514:INFO:Get LATEST chromedriver version for google-chrome
2025-01-07 19:09:03,591:INFO:Get LATEST chromedriver version for google-chrome
2025-01-07 19:09:03,656:INFO:Driver [/Users/jero/.wdm/drivers/chromedriver/mac64/131.0.6778.264/chromedriver-mac-arm64/chromedriver] found in cache
2025-01-07 19:09:05,146:INFO:WebDriver initialized and navigating to the job listings page.
2025-01-07 19:09:06,976:INFO:Loading all jobs...
2025-01-07 19:09:06,977:INFO:Attempting to click 'See More' button (Attempt 1/5)...
2025-01-07 19:09:17,310:INFO:No 'See More' button found or it is no longer clickable.
2025-01-07 19:09:17,317:INFO:Scrolling to bottom (Scroll attempt 1/20)...
2025-01-07 19:09:19,336:INFO:Page height did not change after scrolling. Assuming all jobs loaded.
2025-01-07 19:09:19,336:INFO:Collecting job links...
2025-01-07 19:09:19,352:INFO:Found 15 job cards on the page.
2025-01-07 19:09:19,370:INFO:Collected job link 1: https://ytjobs.co/job/19943
2025-01-07 19:09:19,381:INFO:Collected job link 2: https://ytjobs.co/job/20790
2025-01-07 19:09:19,399:INFO:Collected job link 3: https://ytjobs.co/job/19931
2025-01-07 19:09:19,406:INFO:Collected job link 4: https://ytjobs.co/job/20786
2025-01-07 19:09:19,412:INFO:Collected job link 5: https://ytjobs.co/job/20782
2025-01-07 19:09:19,418:INFO:Collected job link 6: https://ytjobs.co/job/19851
2025-01-07 19:09:19,423:INFO:Collected job link 7: https://ytjobs.co/job/20778
2025-01-07 19:09:19,429:INFO:Collected job link 8: https://ytjobs.co/job/20777
2025-01-07 19:09:19,435:INFO:Collected job link 9: https://ytjobs.co/job/20148
2025-01-07 19:09:19,440:INFO:Collected job link 10: https://ytjobs.co/job/20769
2025-01-07 19:09:19,446:INFO:Collected job link 11: https://ytjobs.co/job/20757
2025-01-07 19:09:19,454:INFO:Collected job link 12: https://ytjobs.co/job/20765
2025-01-07 19:09:19,459:INFO:Collected job link 13: https://ytjobs.co/job/18715
2025-01-07 19:09:19,465:INFO:Collected job link 14: https://ytjobs.co/job/20761
2025-01-07 19:09:19,470:INFO:Collected job link 15: https://ytjobs.co/job/20754
2025-01-07 19:09:20,482:INFO:Navigated to job detail page: https://ytjobs.co/job/19943
2025-01-07 19:09:20,495:INFO:Job title found for: https://ytjobs.co/job/19943
2025-01-07 19:09:21,528:INFO:Extracted raw date for job 'Video Editor | Whristan (108K)': Posted on: Dec 12 2024
2025-01-07 19:09:21,529:INFO:Scraped job: Video Editor | Whristan (108K) from https://ytjobs.co/job/19943
2025-01-07 19:09:22,331:INFO:Navigated to job detail page: https://ytjobs.co/job/20790
2025-01-07 19:09:22,337:INFO:Job title found for: https://ytjobs.co/job/20790
2025-01-07 19:09:23,361:INFO:Extracted raw date for job 'Content Producer for Fast Growing Manufacturing Business | Paking Duck (1.12K)': Posted on: Jan 07 2025
2025-01-07 19:09:23,362:INFO:Scraped job: Content Producer for Fast Growing Manufacturing Business | Paking Duck (1.12K) from https://ytjobs.co/job/20790
2025-01-07 19:09:23,362:INFO:Job already exists. Skipping: Content Producer for Fast Growing Manufacturing Business | Paking Duck (1.12K)
2025-01-07 19:09:24,205:INFO:Navigated to job detail page: https://ytjobs.co/job/19931
2025-01-07 19:09:24,208:INFO:Job title found for: https://ytjobs.co/job/19931
2025-01-07 19:09:25,235:INFO:Extracted raw date for job 'YouTube Producer | LankyBox (40.1M)': Posted on: Dec 12 2024
2025-01-07 19:09:25,236:INFO:Scraped job: YouTube Producer | LankyBox (40.1M) from https://ytjobs.co/job/19931
2025-01-07 19:09:25,954:INFO:Navigated to job detail page: https://ytjobs.co/job/20786
2025-01-07 19:09:25,961:INFO:Job title found for: https://ytjobs.co/job/20786
2025-01-07 19:09:26,988:INFO:Extracted raw date for job 'Video Editor for Sunny and Melon Channels | Melon and Sunny (1.38M)': Posted on: Jan 07 2025
2025-01-07 19:09:26,989:INFO:Scraped job: Video Editor for Sunny and Melon Channels | Melon and Sunny (1.38M) from https://ytjobs.co/job/20786
2025-01-07 19:09:27,758:INFO:Navigated to job detail page: https://ytjobs.co/job/20782
2025-01-07 19:09:27,765:INFO:Job title found for: https://ytjobs.co/job/20782
2025-01-07 19:09:28,798:INFO:Extracted raw date for job 'Freelance Video Editor | JROB Media': Posted on: Jan 07 2025
2025-01-07 19:09:28,798:INFO:Scraped job: Freelance Video Editor | JROB Media from https://ytjobs.co/job/20782
2025-01-07 19:09:28,799:INFO:Job already exists. Skipping: Freelance Video Editor | JROB Media
2025-01-07 19:09:29,538:INFO:Navigated to job detail page: https://ytjobs.co/job/19851
2025-01-07 19:09:29,541:INFO:Job title found for: https://ytjobs.co/job/19851
2025-01-07 19:09:30,570:INFO:Extracted raw date for job 'Video Editor | Alaska Violet (1.71M)': Posted on: Dec 17 2024
2025-01-07 19:09:30,571:INFO:Scraped job: Video Editor | Alaska Violet (1.71M) from https://ytjobs.co/job/19851
2025-01-07 19:09:31,349:INFO:Navigated to job detail page: https://ytjobs.co/job/20778
2025-01-07 19:09:31,353:INFO:Job title found for: https://ytjobs.co/job/20778
2025-01-07 19:09:32,380:INFO:Extracted raw date for job 'Social Video Editor | Loop': Posted on: Jan 07 2025
2025-01-07 19:09:32,381:INFO:Scraped job: Social Video Editor | Loop from https://ytjobs.co/job/20778
2025-01-07 19:09:33,365:INFO:Navigated to job detail page: https://ytjobs.co/job/20777
2025-01-07 19:09:33,370:INFO:Job title found for: https://ytjobs.co/job/20777
2025-01-07 19:09:34,393:INFO:Extracted raw date for job 'Long Form Video Editor | RAVEN (28)': Posted on: Jan 07 2025
2025-01-07 19:09:34,394:INFO:Scraped job: Long Form Video Editor | RAVEN (28) from https://ytjobs.co/job/20777
2025-01-07 19:09:34,860:INFO:Navigated to job detail page: https://ytjobs.co/job/20148
2025-01-07 19:09:35,221:INFO:Job title found for: https://ytjobs.co/job/20148
2025-01-07 19:09:36,242:INFO:Extracted raw date for job 'Video Editor | dylandoesbasketball (206K) | dylandoesbasketball (205K)': Posted on: Dec 19 2024
2025-01-07 19:09:36,243:INFO:Scraped job: Video Editor | dylandoesbasketball (206K) | dylandoesbasketball (205K) from https://ytjobs.co/job/20148
2025-01-07 19:09:37,066:INFO:Navigated to job detail page: https://ytjobs.co/job/20769
2025-01-07 19:09:37,070:INFO:Job title found for: https://ytjobs.co/job/20769
2025-01-07 19:09:38,101:INFO:Extracted raw date for job 'Fortnite Short-Form Content Lead | Ali-A (19.2M)': Posted on: Jan 07 2025
2025-01-07 19:09:38,101:INFO:Scraped job: Fortnite Short-Form Content Lead | Ali-A (19.2M) from https://ytjobs.co/job/20769
2025-01-07 19:09:38,938:INFO:Navigated to job detail page: https://ytjobs.co/job/20757
2025-01-07 19:09:38,942:INFO:Job title found for: https://ytjobs.co/job/20757
2025-01-07 19:09:39,971:INFO:Extracted raw date for job 'Video Editor | Beta Squad (10.2M)': Posted on: Jan 07 2025
2025-01-07 19:09:39,971:INFO:Scraped job: Video Editor | Beta Squad (10.2M) from https://ytjobs.co/job/20757
2025-01-07 19:09:40,805:INFO:Navigated to job detail page: https://ytjobs.co/job/20765
2025-01-07 19:09:40,809:INFO:Job title found for: https://ytjobs.co/job/20765
2025-01-07 19:09:41,837:INFO:Extracted raw date for job 'Looking for a scriptwriter for my new channel | Crapital (0)': Posted on: Jan 07 2025
2025-01-07 19:09:41,837:INFO:Scraped job: Looking for a scriptwriter for my new channel | Crapital (0) from https://ytjobs.co/job/20765
2025-01-07 19:09:42,508:INFO:Navigated to job detail page: https://ytjobs.co/job/18715
2025-01-07 19:09:42,514:INFO:Job title found for: https://ytjobs.co/job/18715
2025-01-07 19:09:43,541:INFO:Extracted raw date for job 'YouTube Creative Director | Dragonfruit': Posted on: Dec 10 2024
2025-01-07 19:09:43,542:INFO:Scraped job: YouTube Creative Director | Dragonfruit from https://ytjobs.co/job/18715
2025-01-07 19:09:44,330:INFO:Navigated to job detail page: https://ytjobs.co/job/20761
2025-01-07 19:09:44,334:INFO:Job title found for: https://ytjobs.co/job/20761
2025-01-07 19:09:45,363:INFO:Extracted raw date for job 'Short Form Video Editor (Gaming) | xAcceptiion Live (644K)': Posted on: Jan 07 2025
2025-01-07 19:09:45,363:INFO:Scraped job: Short Form Video Editor (Gaming) | xAcceptiion Live (644K) from https://ytjobs.co/job/20761
2025-01-07 19:09:46,122:INFO:Navigated to job detail page: https://ytjobs.co/job/20754
2025-01-07 19:09:46,125:INFO:Job title found for: https://ytjobs.co/job/20754
2025-01-07 19:09:47,153:INFO:Extracted raw date for job 'Minecraft Editor de Videos en Espaol | Trolero (10.3M)': Posted on: Jan 07 2025
2025-01-07 19:09:47,153:INFO:Scraped job: Minecraft Editor de Videos en Espaol | Trolero (10.3M) from https://ytjobs.co/job/20754
2025-01-07 19:09:47,153:INFO:Found 13 new job(s). Saving to CSV...
2025-01-07 19:09:47,158:INFO:Saved 13 new job(s) to job_listings.csv.
2025-01-07 19:09:47,158:INFO:Found 8 job(s) posted today. Saving to today_jobs.csv...
2025-01-07 19:09:47,158:INFO:Loaded 2 existing job URLs from today_jobs.csv.
2025-01-07 19:09:47,159:INFO:Added today's job: Video Editor for Sunny and Melon Channels | Melon and Sunny (1.38M) (https://ytjobs.co/job/20786)
2025-01-07 19:09:47,159:INFO:Added today's job: Social Video Editor | Loop (https://ytjobs.co/job/20778)
2025-01-07 19:09:47,159:INFO:Added today's job: Long Form Video Editor | RAVEN (28) (https://ytjobs.co/job/20777)
2025-01-07 19:09:47,159:INFO:Added today's job: Fortnite Short-Form Content Lead | Ali-A (19.2M) (https://ytjobs.co/job/20769)
2025-01-07 19:09:47,159:INFO:Added today's job: Video Editor | Beta Squad (10.2M) (https://ytjobs.co/job/20757)
2025-01-07 19:09:47,159:INFO:Added today's job: Looking for a scriptwriter for my new channel | Crapital (0) (https://ytjobs.co/job/20765)
2025-01-07 19:09:47,159:INFO:Added today's job: Short Form Video Editor (Gaming) | xAcceptiion Live (644K) (https://ytjobs.co/job/20761)
2025-01-07 19:09:47,159:INFO:Added today's job: Minecraft Editor de Videos en Espaol | Trolero (10.3M) (https://ytjobs.co/job/20754)
2025-01-07 19:09:47,160:INFO:Saved 8 job(s) posted today to today_jobs.csv.
2025-01-07 19:09:47,252:INFO:Sleeping for 60 seconds...
2025-01-07 19:10:47,257:INFO:====== WebDriver manager ======
2025-01-07 19:10:47,517:INFO:Get LATEST chromedriver version for google-chrome
2025-01-07 19:10:47,586:INFO:Get LATEST chromedriver version for google-chrome
2025-01-07 19:10:47,651:INFO:Driver [/Users/jero/.wdm/drivers/chromedriver/mac64/131.0.6778.264/chromedriver-mac-arm64/chromedriver] found in cache
2025-01-07 19:10:48,889:INFO:WebDriver initialized and navigating to the job listings page.
2025-01-07 19:10:50,941:INFO:Loading all jobs...
2025-01-07 19:10:50,941:INFO:Attempting to click 'See More' button (Attempt 1/5)...
2025-01-07 19:11:01,243:INFO:No 'See More' button found or it is no longer clickable.
2025-01-07 19:11:01,246:INFO:Scrolling to bottom (Scroll attempt 1/20)...
2025-01-07 19:11:03,268:INFO:Page height did not change after scrolling. Assuming all jobs loaded.
2025-01-07 19:11:03,268:INFO:Collecting job links...
2025-01-07 19:11:03,284:INFO:Found 15 job cards on the page.
2025-01-07 19:11:03,300:INFO:Collected job link 1: https://ytjobs.co/job/19943
2025-01-07 19:11:03,309:INFO:Collected job link 2: https://ytjobs.co/job/20790
2025-01-07 19:11:03,317:INFO:Collected job link 3: https://ytjobs.co/job/19931
2025-01-07 19:11:03,324:INFO:Collected job link 4: https://ytjobs.co/job/20786
2025-01-07 19:11:03,331:INFO:Collected job link 5: https://ytjobs.co/job/20782
2025-01-07 19:11:03,337:INFO:Collected job link 6: https://ytjobs.co/job/19851
2025-01-07 19:11:03,343:INFO:Collected job link 7: https://ytjobs.co/job/20778
2025-01-07 19:11:03,348:INFO:Collected job link 8: https://ytjobs.co/job/20777
2025-01-07 19:11:03,354:INFO:Collected job link 9: https://ytjobs.co/job/20148
2025-01-07 19:11:03,359:INFO:Collected job link 10: https://ytjobs.co/job/20769
2025-01-07 19:11:03,364:INFO:Collected job link 11: https://ytjobs.co/job/20757
2025-01-07 19:11:03,369:INFO:Collected job link 12: https://ytjobs.co/job/20765
2025-01-07 19:11:03,375:INFO:Collected job link 13: https://ytjobs.co/job/18715
2025-01-07 19:11:03,380:INFO:Collected job link 14: https://ytjobs.co/job/20761
2025-01-07 19:11:03,385:INFO:Collected job link 15: https://ytjobs.co/job/20754
2025-01-07 19:11:04,556:INFO:Navigated to job detail page: https://ytjobs.co/job/19943
2025-01-07 19:11:04,566:INFO:Job title found for: https://ytjobs.co/job/19943
2025-01-07 19:11:05,595:INFO:Extracted raw date for job 'Video Editor | Whristan (108K)': Posted on: Dec 12 2024
2025-01-07 19:11:05,596:INFO:Scraped job: Video Editor | Whristan (108K) from https://ytjobs.co/job/19943
2025-01-07 19:11:05,596:INFO:Job already exists. Skipping: Video Editor | Whristan (108K)
2025-01-07 19:11:06,406:INFO:Navigated to job detail page: https://ytjobs.co/job/20790
2025-01-07 19:11:06,411:INFO:Job title found for: https://ytjobs.co/job/20790
2025-01-07 19:11:07,426:INFO:Extracted raw date for job 'Content Producer for Fast Growing Manufacturing Business | Paking Duck (1.12K)': Posted on: Jan 07 2025
2025-01-07 19:11:07,427:INFO:Scraped job: Content Producer for Fast Growing Manufacturing Business | Paking Duck (1.12K) from https://ytjobs.co/job/20790
2025-01-07 19:11:07,427:INFO:Job already exists. Skipping: Content Producer for Fast Growing Manufacturing Business | Paking Duck (1.12K)
2025-01-07 19:11:08,233:INFO:Navigated to job detail page: https://ytjobs.co/job/19931
2025-01-07 19:11:08,237:INFO:Job title found for: https://ytjobs.co/job/19931
2025-01-07 19:11:09,272:INFO:Extracted raw date for job 'YouTube Producer | LankyBox (40.1M)': Posted on: Dec 12 2024
2025-01-07 19:11:09,273:INFO:Scraped job: YouTube Producer | LankyBox (40.1M) from https://ytjobs.co/job/19931
2025-01-07 19:11:09,273:INFO:Job already exists. Skipping: YouTube Producer | LankyBox (40.1M)
2025-01-07 19:11:10,080:INFO:Navigated to job detail page: https://ytjobs.co/job/20786
2025-01-07 19:11:10,084:INFO:Job title found for: https://ytjobs.co/job/20786
2025-01-07 19:11:11,112:INFO:Extracted raw date for job 'Video Editor for Sunny and Melon Channels | Melon and Sunny (1.38M)': Posted on: Jan 07 2025
2025-01-07 19:11:11,113:INFO:Scraped job: Video Editor for Sunny and Melon Channels | Melon and Sunny (1.38M) from https://ytjobs.co/job/20786
2025-01-07 19:11:11,113:INFO:Job already exists. Skipping: Video Editor for Sunny and Melon Channels | Melon and Sunny (1.38M)
2025-01-07 19:11:11,738:INFO:Navigated to job detail page: https://ytjobs.co/job/20782
2025-01-07 19:11:11,921:INFO:Job title found for: https://ytjobs.co/job/20782
2025-01-07 19:11:12,949:INFO:Extracted raw date for job 'Freelance Video Editor | JROB Media': Posted on: Jan 07 2025
2025-01-07 19:11:12,949:INFO:Scraped job: Freelance Video Editor | JROB Media from https://ytjobs.co/job/20782
2025-01-07 19:11:12,949:INFO:Job already exists. Skipping: Freelance Video Editor | JROB Media
2025-01-07 19:11:13,873:INFO:Navigated to job detail page: https://ytjobs.co/job/19851
2025-01-07 19:11:13,877:INFO:Job title found for: https://ytjobs.co/job/19851
2025-01-07 19:11:14,905:INFO:Extracted raw date for job 'Video Editor | Alaska Violet (1.71M)': Posted on: Dec 17 2024
2025-01-07 19:11:14,906:INFO:Scraped job: Video Editor | Alaska Violet (1.71M) from https://ytjobs.co/job/19851
2025-01-07 19:11:14,906:INFO:Job already exists. Skipping: Video Editor | Alaska Violet (1.71M)
2025-01-07 19:11:15,846:INFO:Navigated to job detail page: https://ytjobs.co/job/20778
2025-01-07 19:11:15,850:INFO:Job title found for: https://ytjobs.co/job/20778
2025-01-07 19:11:16,877:INFO:Extracted raw date for job 'Social Video Editor | Loop': Posted on: Jan 07 2025
2025-01-07 19:11:16,878:INFO:Scraped job: Social Video Editor | Loop from https://ytjobs.co/job/20778
2025-01-07 19:11:16,878:INFO:Job already exists. Skipping: Social Video Editor | Loop
2025-01-07 19:11:17,663:INFO:Navigated to job detail page: https://ytjobs.co/job/20777
2025-01-07 19:11:17,668:INFO:Job title found for: https://ytjobs.co/job/20777
2025-01-07 19:11:18,696:INFO:Extracted raw date for job 'Long Form Video Editor | RAVEN (28)': Posted on: Jan 07 2025
2025-01-07 19:11:18,696:INFO:Scraped job: Long Form Video Editor | RAVEN (28) from https://ytjobs.co/job/20777
2025-01-07 19:11:18,697:INFO:Job already exists. Skipping: Long Form Video Editor | RAVEN (28)
2025-01-07 19:11:19,522:INFO:Navigated to job detail page: https://ytjobs.co/job/20148
2025-01-07 19:11:19,525:INFO:Job title found for: https://ytjobs.co/job/20148
2025-01-07 19:11:20,553:INFO:Extracted raw date for job 'Video Editor | dylandoesbasketball (206K) | dylandoesbasketball (205K)': Posted on: Dec 19 2024
2025-01-07 19:11:20,554:INFO:Scraped job: Video Editor | dylandoesbasketball (206K) | dylandoesbasketball (205K) from https://ytjobs.co/job/20148
2025-01-07 19:11:20,554:INFO:Job already exists. Skipping: Video Editor | dylandoesbasketball (206K) | dylandoesbasketball (205K)
2025-01-07 19:11:21,510:INFO:Navigated to job detail page: https://ytjobs.co/job/20769
2025-01-07 19:11:21,515:INFO:Job title found for: https://ytjobs.co/job/20769
2025-01-07 19:11:22,543:INFO:Extracted raw date for job 'Fortnite Short-Form Content Lead | Ali-A (19.2M)': Posted on: Jan 07 2025
2025-01-07 19:11:22,543:INFO:Scraped job: Fortnite Short-Form Content Lead | Ali-A (19.2M) from https://ytjobs.co/job/20769
2025-01-07 19:11:22,544:INFO:Job already exists. Skipping: Fortnite Short-Form Content Lead | Ali-A (19.2M)
2025-01-07 19:11:23,364:INFO:Navigated to job detail page: https://ytjobs.co/job/20757
2025-01-07 19:11:23,367:INFO:Job title found for: https://ytjobs.co/job/20757
2025-01-07 19:11:24,396:INFO:Extracted raw date for job 'Video Editor | Beta Squad (10.2M)': Posted on: Jan 07 2025
2025-01-07 19:11:24,397:INFO:Scraped job: Video Editor | Beta Squad (10.2M) from https://ytjobs.co/job/20757
2025-01-07 19:11:24,397:INFO:Job already exists. Skipping: Video Editor | Beta Squad (10.2M)
2025-01-07 19:11:25,291:INFO:Navigated to job detail page: https://ytjobs.co/job/20765
2025-01-07 19:11:25,295:INFO:Job title found for: https://ytjobs.co/job/20765
2025-01-07 19:11:26,323:INFO:Extracted raw date for job 'Looking for a scriptwriter for my new channel | Crapital (0)': Posted on: Jan 07 2025
2025-01-07 19:11:26,324:INFO:Scraped job: Looking for a scriptwriter for my new channel | Crapital (0) from https://ytjobs.co/job/20765
2025-01-07 19:11:26,324:INFO:Job already exists. Skipping: Looking for a scriptwriter for my new channel | Crapital (0)
2025-01-07 19:11:27,073:INFO:Navigated to job detail page: https://ytjobs.co/job/18715
2025-01-07 19:11:27,077:INFO:Job title found for: https://ytjobs.co/job/18715
2025-01-07 19:11:28,106:INFO:Extracted raw date for job 'YouTube Creative Director | Dragonfruit': Posted on: Dec 10 2024
2025-01-07 19:11:28,107:INFO:Scraped job: YouTube Creative Director | Dragonfruit from https://ytjobs.co/job/18715
2025-01-07 19:11:28,107:INFO:Job already exists. Skipping: YouTube Creative Director | Dragonfruit
2025-01-07 19:11:28,997:INFO:Navigated to job detail page: https://ytjobs.co/job/20761
2025-01-07 19:11:29,002:INFO:Job title found for: https://ytjobs.co/job/20761
2025-01-07 19:11:30,036:INFO:Extracted raw date for job 'Short Form Video Editor (Gaming) | xAcceptiion Live (644K)': Posted on: Jan 07 2025
2025-01-07 19:11:30,036:INFO:Scraped job: Short Form Video Editor (Gaming) | xAcceptiion Live (644K) from https://ytjobs.co/job/20761
2025-01-07 19:11:30,036:INFO:Job already exists. Skipping: Short Form Video Editor (Gaming) | xAcceptiion Live (644K)
2025-01-07 19:11:30,764:INFO:Navigated to job detail page: https://ytjobs.co/job/20754
2025-01-07 19:11:30,768:INFO:Job title found for: https://ytjobs.co/job/20754
2025-01-07 19:11:31,796:INFO:Extracted raw date for job 'Minecraft Editor de Videos en Espaol | Trolero (10.3M)': Posted on: Jan 07 2025
2025-01-07 19:11:31,797:INFO:Scraped job: Minecraft Editor de Videos en Espaol | Trolero (10.3M) from https://ytjobs.co/job/20754
2025-01-07 19:11:31,797:INFO:Job already exists. Skipping: Minecraft Editor de Videos en Espaol | Trolero (10.3M)
2025-01-07 19:11:31,797:INFO:No new jobs found.
2025-01-07 19:11:31,797:INFO:No jobs posted today.
2025-01-07 19:11:31,904:INFO:Sleeping for 60 seconds...
2025-01-07 19:12:31,909:INFO:====== WebDriver manager ======
2025-01-07 19:12:32,169:INFO:Get LATEST chromedriver version for google-chrome
2025-01-07 19:12:32,254:INFO:Get LATEST chromedriver version for google-chrome
2025-01-07 19:12:32,321:INFO:Driver [/Users/jero/.wdm/drivers/chromedriver/mac64/131.0.6778.264/chromedriver-mac-arm64/chromedriver] found in cache
2025-01-07 19:12:33,575:INFO:WebDriver initialized and navigating to the job listings page.
2025-01-07 19:12:35,483:INFO:Loading all jobs...
2025-01-07 19:12:35,483:INFO:Attempting to click 'See More' button (Attempt 1/5)...
2025-01-07 19:12:45,808:INFO:No 'See More' button found or it is no longer clickable.
2025-01-07 19:12:45,817:INFO:Scrolling to bottom (Scroll attempt 1/20)...
2025-01-07 19:12:47,835:INFO:Page height did not change after scrolling. Assuming all jobs loaded.
2025-01-07 19:12:47,836:INFO:Collecting job links...
2025-01-07 19:12:47,851:INFO:Found 15 job cards on the page.
2025-01-07 19:12:47,868:INFO:Collected job link 1: https://ytjobs.co/job/19943
2025-01-07 19:12:47,877:INFO:Collected job link 2: https://ytjobs.co/job/20790
2025-01-07 19:12:47,885:INFO:Collected job link 3: https://ytjobs.co/job/19931
2025-01-07 19:12:47,893:INFO:Collected job link 4: https://ytjobs.co/job/20786
2025-01-07 19:12:47,900:INFO:Collected job link 5: https://ytjobs.co/job/20782
2025-01-07 19:12:47,906:INFO:Collected job link 6: https://ytjobs.co/job/19851
2025-01-07 19:12:47,912:INFO:Collected job link 7: https://ytjobs.co/job/20778
2025-01-07 19:12:47,918:INFO:Collected job link 8: https://ytjobs.co/job/20777
2025-01-07 19:12:47,923:INFO:Collected job link 9: https://ytjobs.co/job/20148
2025-01-07 19:12:47,929:INFO:Collected job link 10: https://ytjobs.co/job/20769
2025-01-07 19:12:47,934:INFO:Collected job link 11: https://ytjobs.co/job/20757
2025-01-07 19:12:47,939:INFO:Collected job link 12: https://ytjobs.co/job/20765
2025-01-07 19:12:47,944:INFO:Collected job link 13: https://ytjobs.co/job/18715
2025-01-07 19:12:47,949:INFO:Collected job link 14: https://ytjobs.co/job/20761
2025-01-07 19:12:47,954:INFO:Collected job link 15: https://ytjobs.co/job/20754
2025-01-07 19:12:49,016:INFO:Navigated to job detail page: https://ytjobs.co/job/19943
2025-01-07 19:12:49,027:INFO:Job title found for: https://ytjobs.co/job/19943
2025-01-07 19:12:50,057:INFO:Extracted raw date for job 'Video Editor | Whristan (108K)': Posted on: Dec 12 2024
2025-01-07 19:12:50,057:INFO:Scraped job: Video Editor | Whristan (108K) from https://ytjobs.co/job/19943
2025-01-07 19:12:50,057:INFO:Job already exists. Skipping: Video Editor | Whristan (108K)
2025-01-07 19:12:50,855:INFO:Navigated to job detail page: https://ytjobs.co/job/20790
2025-01-07 19:12:50,858:INFO:Job title found for: https://ytjobs.co/job/20790
2025-01-07 19:12:51,879:INFO:Extracted raw date for job 'Content Producer for Fast Growing Manufacturing Business | Paking Duck (1.12K)': Posted on: Jan 07 2025
2025-01-07 19:12:51,880:INFO:Scraped job: Content Producer for Fast Growing Manufacturing Business | Paking Duck (1.12K) from https://ytjobs.co/job/20790
2025-01-07 19:12:51,880:INFO:Job already exists. Skipping: Content Producer for Fast Growing Manufacturing Business | Paking Duck (1.12K)
2025-01-07 19:12:52,688:INFO:Navigated to job detail page: https://ytjobs.co/job/19931
2025-01-07 19:12:52,691:INFO:Job title found for: https://ytjobs.co/job/19931
2025-01-07 19:12:53,719:INFO:Extracted raw date for job 'YouTube Producer | LankyBox (40.1M)': Posted on: Dec 12 2024
2025-01-07 19:12:53,719:INFO:Scraped job: YouTube Producer | LankyBox (40.1M) from https://ytjobs.co/job/19931
2025-01-07 19:12:53,719:INFO:Job already exists. Skipping: YouTube Producer | LankyBox (40.1M)
2025-01-07 19:12:54,568:INFO:Navigated to job detail page: https://ytjobs.co/job/20786
2025-01-07 19:12:54,572:INFO:Job title found for: https://ytjobs.co/job/20786
2025-01-07 19:12:55,602:INFO:Extracted raw date for job 'Video Editor for Sunny and Melon Channels | Melon and Sunny (1.38M)': Posted on: Jan 07 2025
2025-01-07 19:12:55,603:INFO:Scraped job: Video Editor for Sunny and Melon Channels | Melon and Sunny (1.38M) from https://ytjobs.co/job/20786
2025-01-07 19:12:55,603:INFO:Job already exists. Skipping: Video Editor for Sunny and Melon Channels | Melon and Sunny (1.38M)
2025-01-07 19:12:57,601:INFO:Navigated to job detail page: https://ytjobs.co/job/20782
2025-01-07 19:12:57,604:INFO:Job title found for: https://ytjobs.co/job/20782
2025-01-07 19:12:58,632:INFO:Extracted raw date for job 'Freelance Video Editor | JROB Media': Posted on: Jan 07 2025
2025-01-07 19:12:58,633:INFO:Scraped job: Freelance Video Editor | JROB Media from https://ytjobs.co/job/20782
2025-01-07 19:12:58,633:INFO:Job already exists. Skipping: Freelance Video Editor | JROB Media
2025-01-07 19:12:59,449:INFO:Navigated to job detail page: https://ytjobs.co/job/19851
2025-01-07 19:12:59,453:INFO:Job title found for: https://ytjobs.co/job/19851
2025-01-07 19:13:00,477:INFO:Extracted raw date for job 'Video Editor | Alaska Violet (1.71M)': Posted on: Dec 17 2024
2025-01-07 19:13:00,478:INFO:Scraped job: Video Editor | Alaska Violet (1.71M) from https://ytjobs.co/job/19851
2025-01-07 19:13:00,479:INFO:Job already exists. Skipping: Video Editor | Alaska Violet (1.71M)
2025-01-07 19:13:01,325:INFO:Navigated to job detail page: https://ytjobs.co/job/20778
2025-01-07 19:13:01,328:INFO:Job title found for: https://ytjobs.co/job/20778
2025-01-07 19:13:02,352:INFO:Extracted raw date for job 'Social Video Editor | Loop': Posted on: Jan 07 2025
2025-01-07 19:13:02,352:INFO:Scraped job: Social Video Editor | Loop from https://ytjobs.co/job/20778
2025-01-07 19:13:02,352:INFO:Job already exists. Skipping: Social Video Editor | Loop
2025-01-07 19:13:03,126:INFO:Navigated to job detail page: https://ytjobs.co/job/20777
2025-01-07 19:13:03,131:INFO:Job title found for: https://ytjobs.co/job/20777
2025-01-07 19:13:04,159:INFO:Extracted raw date for job 'Long Form Video Editor | RAVEN (28)': Posted on: Jan 07 2025
2025-01-07 19:13:04,160:INFO:Scraped job: Long Form Video Editor | RAVEN (28) from https://ytjobs.co/job/20777
2025-01-07 19:13:04,160:INFO:Job already exists. Skipping: Long Form Video Editor | RAVEN (28)
2025-01-07 19:13:04,789:INFO:Navigated to job detail page: https://ytjobs.co/job/20148
2025-01-07 19:13:04,976:INFO:Job title found for: https://ytjobs.co/job/20148
2025-01-07 19:13:06,003:INFO:Extracted raw date for job 'Video Editor | dylandoesbasketball (206K) | dylandoesbasketball (205K)': Posted on: Dec 19 2024
2025-01-07 19:13:06,003:INFO:Scraped job: Video Editor | dylandoesbasketball (206K) | dylandoesbasketball (205K) from https://ytjobs.co/job/20148
2025-01-07 19:13:06,003:INFO:Job already exists. Skipping: Video Editor | dylandoesbasketball (206K) | dylandoesbasketball (205K)
2025-01-07 19:13:06,808:INFO:Navigated to job detail page: https://ytjobs.co/job/20769
2025-01-07 19:13:06,813:INFO:Job title found for: https://ytjobs.co/job/20769
2025-01-07 19:13:07,841:INFO:Extracted raw date for job 'Fortnite Short-Form Content Lead | Ali-A (19.2M)': Posted on: Jan 07 2025
2025-01-07 19:13:07,842:INFO:Scraped job: Fortnite Short-Form Content Lead | Ali-A (19.2M) from https://ytjobs.co/job/20769
2025-01-07 19:13:07,842:INFO:Job already exists. Skipping: Fortnite Short-Form Content Lead | Ali-A (19.2M)
2025-01-07 19:13:08,656:INFO:Navigated to job detail page: https://ytjobs.co/job/20757
2025-01-07 19:13:08,660:INFO:Job title found for: https://ytjobs.co/job/20757
2025-01-07 19:13:09,689:INFO:Extracted raw date for job 'Video Editor | Beta Squad (10.2M)': Posted on: Jan 07 2025
2025-01-07 19:13:09,690:INFO:Scraped job: Video Editor | Beta Squad (10.2M) from https://ytjobs.co/job/20757
2025-01-07 19:13:09,690:INFO:Job already exists. Skipping: Video Editor | Beta Squad (10.2M)
2025-01-07 19:13:10,483:INFO:Navigated to job detail page: https://ytjobs.co/job/20765
2025-01-07 19:13:10,487:INFO:Job title found for: https://ytjobs.co/job/20765
2025-01-07 19:13:11,516:INFO:Extracted raw date for job 'Looking for a scriptwriter for my new channel | Crapital (0)': Posted on: Jan 07 2025
2025-01-07 19:13:11,516:INFO:Scraped job: Looking for a scriptwriter for my new channel | Crapital (0) from https://ytjobs.co/job/20765
2025-01-07 19:13:11,516:INFO:Job already exists. Skipping: Looking for a scriptwriter for my new channel | Crapital (0)
2025-01-07 19:13:12,341:INFO:Navigated to job detail page: https://ytjobs.co/job/18715
2025-01-07 19:13:12,344:INFO:Job title found for: https://ytjobs.co/job/18715
2025-01-07 19:13:13,374:INFO:Extracted raw date for job 'YouTube Creative Director | Dragonfruit': Posted on: Dec 10 2024
2025-01-07 19:13:13,375:INFO:Scraped job: YouTube Creative Director | Dragonfruit from https://ytjobs.co/job/18715
2025-01-07 19:13:13,375:INFO:Job already exists. Skipping: YouTube Creative Director | Dragonfruit
2025-01-07 19:13:14,087:INFO:Navigated to job detail page: https://ytjobs.co/job/20761
2025-01-07 19:13:14,090:INFO:Job title found for: https://ytjobs.co/job/20761
2025-01-07 19:13:15,120:INFO:Extracted raw date for job 'Short Form Video Editor (Gaming) | xAcceptiion Live (644K)': Posted on: Jan 07 2025
2025-01-07 19:13:15,121:INFO:Scraped job: Short Form Video Editor (Gaming) | xAcceptiion Live (644K) from https://ytjobs.co/job/20761
2025-01-07 19:13:15,121:INFO:Job already exists. Skipping: Short Form Video Editor (Gaming) | xAcceptiion Live (644K)
2025-01-07 19:13:15,824:INFO:Navigated to job detail page: https://ytjobs.co/job/20754
2025-01-07 19:13:15,828:INFO:Job title found for: https://ytjobs.co/job/20754
2025-01-07 19:13:16,850:INFO:Extracted raw date for job 'Minecraft Editor de Videos en Espaol | Trolero (10.3M)': Posted on: Jan 07 2025
2025-01-07 19:13:16,850:INFO:Scraped job: Minecraft Editor de Videos en Espaol | Trolero (10.3M) from https://ytjobs.co/job/20754
2025-01-07 19:13:16,850:INFO:Job already exists. Skipping: Minecraft Editor de Videos en Espaol | Trolero (10.3M)
2025-01-07 19:13:16,850:INFO:No new jobs found.
2025-01-07 19:13:16,850:INFO:No jobs posted today.
2025-01-07 19:13:16,994:INFO:Sleeping for 60 seconds...
2025-01-07 19:14:16,997:INFO:====== WebDriver manager ======
2025-01-07 19:14:17,204:INFO:Get LATEST chromedriver version for google-chrome
2025-01-07 19:14:17,281:INFO:Get LATEST chromedriver version for google-chrome
2025-01-07 19:14:17,346:INFO:Driver [/Users/jero/.wdm/drivers/chromedriver/mac64/131.0.6778.264/chromedriver-mac-arm64/chromedriver] found in cache
2025-01-07 19:14:18,629:INFO:WebDriver initialized and navigating to the job listings page.
2025-01-07 19:14:20,465:INFO:Loading all jobs...
2025-01-07 19:14:20,465:INFO:Attempting to click 'See More' button (Attempt 1/5)...
2025-01-07 19:14:30,770:INFO:No 'See More' button found or it is no longer clickable.
2025-01-07 19:14:30,777:INFO:Scrolling to bottom (Scroll attempt 1/20)...
2025-01-07 19:14:32,798:INFO:Page height did not change after scrolling. Assuming all jobs loaded.
2025-01-07 19:14:32,798:INFO:Collecting job links...
2025-01-07 19:14:32,814:INFO:Found 15 job cards on the page.
2025-01-07 19:14:32,831:INFO:Collected job link 1: https://ytjobs.co/job/19943
2025-01-07 19:14:32,841:INFO:Collected job link 2: https://ytjobs.co/job/20790
2025-01-07 19:14:32,857:INFO:Collected job link 3: https://ytjobs.co/job/19931
2025-01-07 19:14:32,864:INFO:Collected job link 4: https://ytjobs.co/job/20786
2025-01-07 19:14:32,870:INFO:Collected job link 5: https://ytjobs.co/job/20782
2025-01-07 19:14:32,876:INFO:Collected job link 6: https://ytjobs.co/job/19851
2025-01-07 19:14:32,881:INFO:Collected job link 7: https://ytjobs.co/job/20778
2025-01-07 19:14:32,887:INFO:Collected job link 8: https://ytjobs.co/job/20777
2025-01-07 19:14:32,892:INFO:Collected job link 9: https://ytjobs.co/job/20148
2025-01-07 19:14:32,897:INFO:Collected job link 10: https://ytjobs.co/job/20769
2025-01-07 19:14:32,902:INFO:Collected job link 11: https://ytjobs.co/job/20757
2025-01-07 19:14:32,910:INFO:Collected job link 12: https://ytjobs.co/job/20765
2025-01-07 19:14:32,915:INFO:Collected job link 13: https://ytjobs.co/job/18715
2025-01-07 19:14:32,920:INFO:Collected job link 14: https://ytjobs.co/job/20761
2025-01-07 19:14:32,925:INFO:Collected job link 15: https://ytjobs.co/job/20754
2025-01-07 19:14:33,848:INFO:Navigated to job detail page: https://ytjobs.co/job/19943
2025-01-07 19:14:33,856:INFO:Job title found for: https://ytjobs.co/job/19943
2025-01-07 19:14:34,886:INFO:Extracted raw date for job 'Video Editor | Whristan (108K)': Posted on: Dec 12 2024
2025-01-07 19:14:34,887:INFO:Scraped job: Video Editor | Whristan (108K) from https://ytjobs.co/job/19943
2025-01-07 19:14:34,887:INFO:Job already exists. Skipping: Video Editor | Whristan (108K)
2025-01-07 19:14:35,790:INFO:Navigated to job detail page: https://ytjobs.co/job/20790
2025-01-07 19:14:35,794:INFO:Job title found for: https://ytjobs.co/job/20790
2025-01-07 19:14:36,808:INFO:Extracted raw date for job 'Content Producer for Fast Growing Manufacturing Business | Paking Duck (1.12K)': Posted on: Jan 07 2025
2025-01-07 19:14:36,809:INFO:Scraped job: Content Producer for Fast Growing Manufacturing Business | Paking Duck (1.12K) from https://ytjobs.co/job/20790
2025-01-07 19:14:36,809:INFO:Job already exists. Skipping: Content Producer for Fast Growing Manufacturing Business | Paking Duck (1.12K)
2025-01-07 19:14:37,617:INFO:Navigated to job detail page: https://ytjobs.co/job/19931
2025-01-07 19:14:37,622:INFO:Job title found for: https://ytjobs.co/job/19931
2025-01-07 19:14:38,652:INFO:Extracted raw date for job 'YouTube Producer | LankyBox (40.1M)': Posted on: Dec 12 2024
2025-01-07 19:14:38,653:INFO:Scraped job: YouTube Producer | LankyBox (40.1M) from https://ytjobs.co/job/19931
2025-01-07 19:14:38,653:INFO:Job already exists. Skipping: YouTube Producer | LankyBox (40.1M)
2025-01-07 19:14:39,428:INFO:Navigated to job detail page: https://ytjobs.co/job/20786
2025-01-07 19:14:39,438:INFO:Job title found for: https://ytjobs.co/job/20786
2025-01-07 19:14:40,468:INFO:Extracted raw date for job 'Video Editor for Sunny and Melon Channels | Melon and Sunny (1.38M)': Posted on: Jan 07 2025
2025-01-07 19:14:40,468:INFO:Scraped job: Video Editor for Sunny and Melon Channels | Melon and Sunny (1.38M) from https://ytjobs.co/job/20786
2025-01-07 19:14:40,468:INFO:Job already exists. Skipping: Video Editor for Sunny and Melon Channels | Melon and Sunny (1.38M)
2025-01-07 19:14:41,336:INFO:Navigated to job detail page: https://ytjobs.co/job/20782
2025-01-07 19:14:41,339:INFO:Job title found for: https://ytjobs.co/job/20782
2025-01-07 19:14:42,368:INFO:Extracted raw date for job 'Freelance Video Editor | JROB Media': Posted on: Jan 07 2025
2025-01-07 19:14:42,368:INFO:Scraped job: Freelance Video Editor | JROB Media from https://ytjobs.co/job/20782
2025-01-07 19:14:42,368:INFO:Job already exists. Skipping: Freelance Video Editor | JROB Media
2025-01-07 19:14:43,138:INFO:Navigated to job detail page: https://ytjobs.co/job/19851
2025-01-07 19:14:43,146:INFO:Job title found for: https://ytjobs.co/job/19851
2025-01-07 19:14:44,175:INFO:Extracted raw date for job 'Video Editor | Alaska Violet (1.71M)': Posted on: Dec 17 2024
2025-01-07 19:14:44,175:INFO:Scraped job: Video Editor | Alaska Violet (1.71M) from https://ytjobs.co/job/19851
2025-01-07 19:14:44,175:INFO:Job already exists. Skipping: Video Editor | Alaska Violet (1.71M)
2025-01-07 19:14:45,061:INFO:Navigated to job detail page: https://ytjobs.co/job/20778
2025-01-07 19:14:45,068:INFO:Job title found for: https://ytjobs.co/job/20778
2025-01-07 19:14:46,096:INFO:Extracted raw date for job 'Social Video Editor | Loop': Posted on: Jan 07 2025
2025-01-07 19:14:46,097:INFO:Scraped job: Social Video Editor | Loop from https://ytjobs.co/job/20778
2025-01-07 19:14:46,097:INFO:Job already exists. Skipping: Social Video Editor | Loop
2025-01-07 19:14:46,867:INFO:Navigated to job detail page: https://ytjobs.co/job/20777
2025-01-07 19:14:46,879:INFO:Job title found for: https://ytjobs.co/job/20777
2025-01-07 19:14:47,907:INFO:Extracted raw date for job 'Long Form Video Editor | RAVEN (28)': Posted on: Jan 07 2025
2025-01-07 19:14:47,908:INFO:Scraped job: Long Form Video Editor | RAVEN (28) from https://ytjobs.co/job/20777
2025-01-07 19:14:47,908:INFO:Job already exists. Skipping: Long Form Video Editor | RAVEN (28)
2025-01-07 19:14:48,685:INFO:Navigated to job detail page: https://ytjobs.co/job/20148
2025-01-07 19:14:48,691:INFO:Job title found for: https://ytjobs.co/job/20148
2025-01-07 19:14:49,719:INFO:Extracted raw date for job 'Video Editor | dylandoesbasketball (206K) | dylandoesbasketball (205K)': Posted on: Dec 19 2024
2025-01-07 19:14:49,721:INFO:Scraped job: Video Editor | dylandoesbasketball (206K) | dylandoesbasketball (205K) from https://ytjobs.co/job/20148
2025-01-07 19:14:49,721:INFO:Job already exists. Skipping: Video Editor | dylandoesbasketball (206K) | dylandoesbasketball (205K)
2025-01-07 19:14:50,520:INFO:Navigated to job detail page: https://ytjobs.co/job/20769
2025-01-07 19:14:50,526:INFO:Job title found for: https://ytjobs.co/job/20769
2025-01-07 19:14:51,553:INFO:Extracted raw date for job 'Fortnite Short-Form Content Lead | Ali-A (19.2M)': Posted on: Jan 07 2025
2025-01-07 19:14:51,555:INFO:Scraped job: Fortnite Short-Form Content Lead | Ali-A (19.2M) from https://ytjobs.co/job/20769
2025-01-07 19:14:51,555:INFO:Job already exists. Skipping: Fortnite Short-Form Content Lead | Ali-A (19.2M)
2025-01-07 19:14:52,364:INFO:Navigated to job detail page: https://ytjobs.co/job/20757
2025-01-07 19:14:52,369:INFO:Job title found for: https://ytjobs.co/job/20757
2025-01-07 19:14:53,399:INFO:Extracted raw date for job 'Video Editor | Beta Squad (10.2M)': Posted on: Jan 07 2025
2025-01-07 19:14:53,400:INFO:Scraped job: Video Editor | Beta Squad (10.2M) from https://ytjobs.co/job/20757
2025-01-07 19:14:53,400:INFO:Job already exists. Skipping: Video Editor | Beta Squad (10.2M)
2025-01-07 19:14:54,145:INFO:Navigated to job detail page: https://ytjobs.co/job/20765
2025-01-07 19:14:54,150:INFO:Job title found for: https://ytjobs.co/job/20765
2025-01-07 19:14:55,178:INFO:Extracted raw date for job 'Looking for a scriptwriter for my new channel | Crapital (0)': Posted on: Jan 07 2025
2025-01-07 19:14:55,179:INFO:Scraped job: Looking for a scriptwriter for my new channel | Crapital (0) from https://ytjobs.co/job/20765
2025-01-07 19:14:55,179:INFO:Job already exists. Skipping: Looking for a scriptwriter for my new channel | Crapital (0)
2025-01-07 19:14:55,987:INFO:Navigated to job detail page: https://ytjobs.co/job/18715
2025-01-07 19:14:55,994:INFO:Job title found for: https://ytjobs.co/job/18715
2025-01-07 19:14:57,038:INFO:Extracted raw date for job 'YouTube Creative Director | Dragonfruit': Posted on: Dec 10 2024
2025-01-07 19:14:57,038:INFO:Scraped job: YouTube Creative Director | Dragonfruit from https://ytjobs.co/job/18715
2025-01-07 19:14:57,038:INFO:Job already exists. Skipping: YouTube Creative Director | Dragonfruit
2025-01-07 19:14:57,671:INFO:Navigated to job detail page: https://ytjobs.co/job/20761
2025-01-07 19:14:57,678:INFO:Job title found for: https://ytjobs.co/job/20761
2025-01-07 19:14:58,706:INFO:Extracted raw date for job 'Short Form Video Editor (Gaming) | xAcceptiion Live (644K)': Posted on: Jan 07 2025
2025-01-07 19:14:58,707:INFO:Scraped job: Short Form Video Editor (Gaming) | xAcceptiion Live (644K) from https://ytjobs.co/job/20761
2025-01-07 19:14:58,707:INFO:Job already exists. Skipping: Short Form Video Editor (Gaming) | xAcceptiion Live (644K)
2025-01-07 19:14:59,596:INFO:Navigated to job detail page: https://ytjobs.co/job/20754
2025-01-07 19:14:59,604:INFO:Job title found for: https://ytjobs.co/job/20754
2025-01-07 19:15:00,629:INFO:Extracted raw date for job 'Minecraft Editor de Videos en Espaol | Trolero (10.3M)': Posted on: Jan 07 2025
2025-01-07 19:15:00,630:INFO:Scraped job: Minecraft Editor de Videos en Espaol | Trolero (10.3M) from https://ytjobs.co/job/20754
2025-01-07 19:15:00,630:INFO:Job already exists. Skipping: Minecraft Editor de Videos en Espaol | Trolero (10.3M)
2025-01-07 19:15:00,630:INFO:No new jobs found.
2025-01-07 19:15:00,630:INFO:No jobs posted today.
2025-01-07 19:15:00,738:INFO:Sleeping for 60 seconds...
2025-01-07 19:16:00,744:INFO:====== WebDriver manager ======
2025-01-07 19:16:01,014:INFO:Get LATEST chromedriver version for google-chrome
2025-01-07 19:16:01,101:INFO:Get LATEST chromedriver version for google-chrome
2025-01-07 19:16:01,172:INFO:Driver [/Users/jero/.wdm/drivers/chromedriver/mac64/131.0.6778.264/chromedriver-mac-arm64/chromedriver] found in cache
2025-01-07 19:16:02,805:INFO:WebDriver initialized and navigating to the job listings page.
2025-01-07 19:16:04,432:INFO:Loading all jobs...
2025-01-07 19:16:04,432:INFO:Attempting to click 'See More' button (Attempt 1/5)...
2025-01-07 19:16:14,734:INFO:No 'See More' button found or it is no longer clickable.
2025-01-07 19:16:14,743:INFO:Scrolling to bottom (Scroll attempt 1/20)...
2025-01-07 19:16:16,765:INFO:Page height did not change after scrolling. Assuming all jobs loaded.
2025-01-07 19:16:16,766:INFO:Collecting job links...
2025-01-07 19:16:16,784:INFO:Found 15 job cards on the page.
2025-01-07 19:16:16,799:INFO:Collected job link 1: https://ytjobs.co/job/19943
2025-01-07 19:16:16,806:INFO:Collected job link 2: https://ytjobs.co/job/20790
2025-01-07 19:16:16,811:INFO:Collected job link 3: https://ytjobs.co/job/19931
2025-01-07 19:16:16,817:INFO:Collected job link 4: https://ytjobs.co/job/20786
2025-01-07 19:16:16,823:INFO:Collected job link 5: https://ytjobs.co/job/20782
2025-01-07 19:16:16,830:INFO:Collected job link 6: https://ytjobs.co/job/19851
2025-01-07 19:16:16,838:INFO:Collected job link 7: https://ytjobs.co/job/20778
2025-01-07 19:16:16,847:INFO:Collected job link 8: https://ytjobs.co/job/20777
2025-01-07 19:16:16,858:INFO:Collected job link 9: https://ytjobs.co/job/20148
2025-01-07 19:16:16,871:INFO:Collected job link 10: https://ytjobs.co/job/20769
2025-01-07 19:16:16,899:INFO:Collected job link 11: https://ytjobs.co/job/20757
2025-01-07 19:16:16,907:INFO:Collected job link 12: https://ytjobs.co/job/20765
2025-01-07 19:16:16,934:INFO:Collected job link 13: https://ytjobs.co/job/18715
2025-01-07 19:16:16,944:INFO:Collected job link 14: https://ytjobs.co/job/20761
2025-01-07 19:16:16,950:INFO:Collected job link 15: https://ytjobs.co/job/20754
2025-01-07 19:16:18,129:INFO:Navigated to job detail page: https://ytjobs.co/job/19943
2025-01-07 19:16:18,137:INFO:Job title found for: https://ytjobs.co/job/19943
2025-01-07 19:16:19,163:INFO:Extracted raw date for job 'Video Editor | Whristan (108K)': Posted on: Dec 12 2024
2025-01-07 19:16:19,164:INFO:Scraped job: Video Editor | Whristan (108K) from https://ytjobs.co/job/19943
2025-01-07 19:16:19,164:INFO:Job already exists. Skipping: Video Editor | Whristan (108K)
2025-01-07 19:16:19,760:INFO:Navigated to job detail page: https://ytjobs.co/job/20790
2025-01-07 19:16:19,961:INFO:Job title found for: https://ytjobs.co/job/20790
2025-01-07 19:16:20,984:INFO:Extracted raw date for job 'Content Producer for Fast Growing Manufacturing Business | Paking Duck (1.12K)': Posted on: Jan 07 2025
2025-01-07 19:16:20,986:INFO:Scraped job: Content Producer for Fast Growing Manufacturing Business | Paking Duck (1.12K) from https://ytjobs.co/job/20790
2025-01-07 19:16:20,986:INFO:Job already exists. Skipping: Content Producer for Fast Growing Manufacturing Business | Paking Duck (1.12K)
2025-01-07 19:16:21,518:INFO:Navigated to job detail page: https://ytjobs.co/job/19931
2025-01-07 19:16:21,695:INFO:Job title found for: https://ytjobs.co/job/19931
2025-01-07 19:16:22,721:INFO:Extracted raw date for job 'YouTube Producer | LankyBox (40.1M)': Posted on: Dec 12 2024
2025-01-07 19:16:22,721:INFO:Scraped job: YouTube Producer | LankyBox (40.1M) from https://ytjobs.co/job/19931
2025-01-07 19:16:22,722:INFO:Job already exists. Skipping: YouTube Producer | LankyBox (40.1M)
2025-01-07 19:16:23,238:INFO:Navigated to job detail page: https://ytjobs.co/job/20786
2025-01-07 19:16:23,424:INFO:Job title found for: https://ytjobs.co/job/20786
2025-01-07 19:16:24,453:INFO:Extracted raw date for job 'Video Editor for Sunny and Melon Channels | Melon and Sunny (1.38M)': Posted on: Jan 07 2025
2025-01-07 19:16:24,454:INFO:Scraped job: Video Editor for Sunny and Melon Channels | Melon and Sunny (1.38M) from https://ytjobs.co/job/20786
2025-01-07 19:16:24,454:INFO:Job already exists. Skipping: Video Editor for Sunny and Melon Channels | Melon and Sunny (1.38M)
2025-01-07 19:16:25,282:INFO:Navigated to job detail page: https://ytjobs.co/job/20782
2025-01-07 19:16:25,290:INFO:Job title found for: https://ytjobs.co/job/20782
2025-01-07 19:16:26,317:INFO:Extracted raw date for job 'Freelance Video Editor | JROB Media': Posted on: Jan 07 2025
2025-01-07 19:16:26,318:INFO:Scraped job: Freelance Video Editor | JROB Media from https://ytjobs.co/job/20782
2025-01-07 19:16:26,318:INFO:Job already exists. Skipping: Freelance Video Editor | JROB Media
2025-01-07 19:16:27,003:INFO:Navigated to job detail page: https://ytjobs.co/job/19851
2025-01-07 19:16:27,007:INFO:Job title found for: https://ytjobs.co/job/19851
2025-01-07 19:16:28,034:INFO:Extracted raw date for job 'Video Editor | Alaska Violet (1.71M)': Posted on: Dec 17 2024
2025-01-07 19:16:28,035:INFO:Scraped job: Video Editor | Alaska Violet (1.71M) from https://ytjobs.co/job/19851
2025-01-07 19:16:28,035:INFO:Job already exists. Skipping: Video Editor | Alaska Violet (1.71M)
2025-01-07 19:16:28,804:INFO:Navigated to job detail page: https://ytjobs.co/job/20778
2025-01-07 19:16:28,811:INFO:Job title found for: https://ytjobs.co/job/20778
2025-01-07 19:16:29,836:INFO:Extracted raw date for job 'Social Video Editor | Loop': Posted on: Jan 07 2025
2025-01-07 19:16:29,837:INFO:Scraped job: Social Video Editor | Loop from https://ytjobs.co/job/20778
2025-01-07 19:16:29,837:INFO:Job already exists. Skipping: Social Video Editor | Loop
2025-01-07 19:16:30,603:INFO:Navigated to job detail page: https://ytjobs.co/job/20777
2025-01-07 19:16:30,606:INFO:Job title found for: https://ytjobs.co/job/20777
2025-01-07 19:16:31,629:INFO:Extracted raw date for job 'Long Form Video Editor | RAVEN (28)': Posted on: Jan 07 2025
2025-01-07 19:16:31,630:INFO:Scraped job: Long Form Video Editor | RAVEN (28) from https://ytjobs.co/job/20777
2025-01-07 19:16:31,630:INFO:Job already exists. Skipping: Long Form Video Editor | RAVEN (28)
2025-01-07 19:16:32,489:INFO:Navigated to job detail page: https://ytjobs.co/job/20148
2025-01-07 19:16:32,494:INFO:Job title found for: https://ytjobs.co/job/20148
2025-01-07 19:16:33,522:INFO:Extracted raw date for job 'Video Editor | dylandoesbasketball (206K) | dylandoesbasketball (205K)': Posted on: Dec 19 2024
2025-01-07 19:16:33,523:INFO:Scraped job: Video Editor | dylandoesbasketball (206K) | dylandoesbasketball (205K) from https://ytjobs.co/job/20148
2025-01-07 19:16:33,523:INFO:Job already exists. Skipping: Video Editor | dylandoesbasketball (206K) | dylandoesbasketball (205K)
2025-01-07 19:16:34,306:INFO:Navigated to job detail page: https://ytjobs.co/job/20769
2025-01-07 19:16:34,309:INFO:Job title found for: https://ytjobs.co/job/20769
2025-01-07 19:16:35,333:INFO:Extracted raw date for job 'Fortnite Short-Form Content Lead | Ali-A (19.2M)': Posted on: Jan 07 2025
2025-01-07 19:16:35,333:INFO:Scraped job: Fortnite Short-Form Content Lead | Ali-A (19.2M) from https://ytjobs.co/job/20769
2025-01-07 19:16:35,333:INFO:Job already exists. Skipping: Fortnite Short-Form Content Lead | Ali-A (19.2M)
2025-01-07 19:16:36,139:INFO:Navigated to job detail page: https://ytjobs.co/job/20757
2025-01-07 19:16:36,143:INFO:Job title found for: https://ytjobs.co/job/20757
2025-01-07 19:16:37,171:INFO:Extracted raw date for job 'Video Editor | Beta Squad (10.2M)': Posted on: Jan 07 2025
2025-01-07 19:16:37,172:INFO:Scraped job: Video Editor | Beta Squad (10.2M) from https://ytjobs.co/job/20757
2025-01-07 19:16:37,172:INFO:Job already exists. Skipping: Video Editor | Beta Squad (10.2M)
2025-01-07 19:16:37,983:INFO:Navigated to job detail page: https://ytjobs.co/job/20765
2025-01-07 19:16:37,996:INFO:Job title found for: https://ytjobs.co/job/20765
2025-01-07 19:16:39,032:INFO:Extracted raw date for job 'Looking for a scriptwriter for my new channel | Crapital (0)': Posted on: Jan 07 2025
2025-01-07 19:16:39,033:INFO:Scraped job: Looking for a scriptwriter for my new channel | Crapital (0) from https://ytjobs.co/job/20765
2025-01-07 19:16:39,033:INFO:Job already exists. Skipping: Looking for a scriptwriter for my new channel | Crapital (0)
2025-01-07 19:16:39,743:INFO:Navigated to job detail page: https://ytjobs.co/job/18715
2025-01-07 19:16:39,747:INFO:Job title found for: https://ytjobs.co/job/18715
2025-01-07 19:16:40,776:INFO:Extracted raw date for job 'YouTube Creative Director | Dragonfruit': Posted on: Dec 10 2024
2025-01-07 19:16:40,777:INFO:Scraped job: YouTube Creative Director | Dragonfruit from https://ytjobs.co/job/18715
2025-01-07 19:16:40,777:INFO:Job already exists. Skipping: YouTube Creative Director | Dragonfruit
2025-01-07 19:16:41,533:INFO:Navigated to job detail page: https://ytjobs.co/job/20761
2025-01-07 19:16:41,537:INFO:Job title found for: https://ytjobs.co/job/20761
2025-01-07 19:16:42,557:INFO:Extracted raw date for job 'Short Form Video Editor (Gaming) | xAcceptiion Live (644K)': Posted on: Jan 07 2025
2025-01-07 19:16:42,557:INFO:Scraped job: Short Form Video Editor (Gaming) | xAcceptiion Live (644K) from https://ytjobs.co/job/20761
2025-01-07 19:16:42,557:INFO:Job already exists. Skipping: Short Form Video Editor (Gaming) | xAcceptiion Live (644K)
2025-01-07 19:16:43,294:INFO:Navigated to job detail page: https://ytjobs.co/job/20754
2025-01-07 19:16:43,297:INFO:Job title found for: https://ytjobs.co/job/20754
2025-01-07 19:16:44,321:INFO:Extracted raw date for job 'Minecraft Editor de Videos en Espaol | Trolero (10.3M)': Posted on: Jan 07 2025
2025-01-07 19:16:44,322:INFO:Scraped job: Minecraft Editor de Videos en Espaol | Trolero (10.3M) from https://ytjobs.co/job/20754
2025-01-07 19:16:44,322:INFO:Job already exists. Skipping: Minecraft Editor de Videos en Espaol | Trolero (10.3M)
2025-01-07 19:16:44,322:INFO:No new jobs found.
2025-01-07 19:16:44,322:INFO:No jobs posted today.
2025-01-07 19:16:44,512:INFO:Sleeping for 60 seconds...
